{"/home/hasib/my-app/rack3d-npm/rack3d-visualizer-1.0.0/package/src/abstractions/BaseCamera.js": {"path":"/home/hasib/my-app/rack3d-npm/rack3d-visualizer-1.0.0/package/src/abstractions/BaseCamera.js","statementMap":{"0":{"start":{"line":5,"column":4},"end":{"line":5,"column":25}},"1":{"start":{"line":6,"column":4},"end":{"line":6,"column":27}},"2":{"start":{"line":7,"column":4},"end":{"line":7,"column":23}},"3":{"start":{"line":11,"column":4},"end":{"line":11,"column":52}},"4":{"start":{"line":15,"column":4},"end":{"line":15,"column":57}},"5":{"start":{"line":19,"column":4},"end":{"line":19,"column":40}},"6":{"start":{"line":23,"column":4},"end":{"line":23,"column":38}},"7":{"start":{"line":27,"column":4},"end":{"line":27,"column":31}},"8":{"start":{"line":31,"column":22},"end":{"line":31,"column":65}},"9":{"start":{"line":32,"column":4},"end":{"line":32,"column":45}},"10":{"start":{"line":33,"column":4},"end":{"line":33,"column":21}}},"fnMap":{"0":{"name":"(anonymous_0)","decl":{"start":{"line":4,"column":2},"end":{"line":4,"column":3}},"loc":{"start":{"line":4,"column":36},"end":{"line":8,"column":3}},"line":4},"1":{"name":"(anonymous_1)","decl":{"start":{"line":10,"column":2},"end":{"line":10,"column":3}},"loc":{"start":{"line":10,"column":20},"end":{"line":12,"column":3}},"line":10},"2":{"name":"(anonymous_2)","decl":{"start":{"line":14,"column":2},"end":{"line":14,"column":3}},"loc":{"start":{"line":14,"column":21},"end":{"line":16,"column":3}},"line":14},"3":{"name":"(anonymous_3)","decl":{"start":{"line":18,"column":2},"end":{"line":18,"column":3}},"loc":{"start":{"line":18,"column":16},"end":{"line":20,"column":3}},"line":18},"4":{"name":"(anonymous_4)","decl":{"start":{"line":22,"column":2},"end":{"line":22,"column":3}},"loc":{"start":{"line":22,"column":23},"end":{"line":24,"column":3}},"line":22},"5":{"name":"(anonymous_5)","decl":{"start":{"line":26,"column":2},"end":{"line":26,"column":3}},"loc":{"start":{"line":26,"column":17},"end":{"line":28,"column":3}},"line":26},"6":{"name":"(anonymous_6)","decl":{"start":{"line":30,"column":2},"end":{"line":30,"column":3}},"loc":{"start":{"line":30,"column":17},"end":{"line":34,"column":3}},"line":30}},"branchMap":{"0":{"loc":{"start":{"line":4,"column":22},"end":{"line":4,"column":34}},"type":"default-arg","locations":[{"start":{"line":4,"column":32},"end":{"line":4,"column":34}}],"line":4}},"s":{"0":0,"1":0,"2":0,"3":0,"4":0,"5":0,"6":0,"7":0,"8":0,"9":0,"10":0},"f":{"0":0,"1":0,"2":0,"3":0,"4":0,"5":0,"6":0},"b":{"0":[0]},"_coverageSchema":"1a1c01bbd47fc00a2c39e90264f33305004495a9","hash":"d93c5fcb360a0138d7e1fe763d844385df4221c9"}
,"/home/hasib/my-app/rack3d-npm/rack3d-visualizer-1.0.0/package/src/abstractions/FpsCamera.js": {"path":"/home/hasib/my-app/rack3d-npm/rack3d-visualizer-1.0.0/package/src/abstractions/FpsCamera.js","statementMap":{"0":{"start":{"line":7,"column":4},"end":{"line":7,"column":27}},"1":{"start":{"line":8,"column":4},"end":{"line":8,"column":22}},"2":{"start":{"line":9,"column":4},"end":{"line":9,"column":42}},"3":{"start":{"line":10,"column":4},"end":{"line":10,"column":43}},"4":{"start":{"line":11,"column":4},"end":{"line":11,"column":31}},"5":{"start":{"line":12,"column":4},"end":{"line":12,"column":20}},"6":{"start":{"line":13,"column":4},"end":{"line":13,"column":20}},"7":{"start":{"line":14,"column":4},"end":{"line":14,"column":22}},"8":{"start":{"line":15,"column":4},"end":{"line":15,"column":22}},"9":{"start":{"line":19,"column":18},"end":{"line":19,"column":61}},"10":{"start":{"line":20,"column":14},"end":{"line":20,"column":42}},"11":{"start":{"line":23,"column":20},"end":{"line":27,"column":5}},"12":{"start":{"line":28,"column":18},"end":{"line":32,"column":5}},"13":{"start":{"line":34,"column":4},"end":{"line":34,"column":82}},"14":{"start":{"line":34,"column":46},"end":{"line":34,"column":82}},"15":{"start":{"line":35,"column":4},"end":{"line":35,"column":83}},"16":{"start":{"line":35,"column":46},"end":{"line":35,"column":83}},"17":{"start":{"line":36,"column":4},"end":{"line":36,"column":80}},"18":{"start":{"line":36,"column":46},"end":{"line":36,"column":80}},"19":{"start":{"line":37,"column":4},"end":{"line":37,"column":81}},"20":{"start":{"line":37,"column":46},"end":{"line":37,"column":81}},"21":{"start":{"line":38,"column":4},"end":{"line":38,"column":61}},"22":{"start":{"line":38,"column":46},"end":{"line":38,"column":61}},"23":{"start":{"line":39,"column":4},"end":{"line":39,"column":61}},"24":{"start":{"line":39,"column":46},"end":{"line":39,"column":61}},"25":{"start":{"line":42,"column":19},"end":{"line":42,"column":42}},"26":{"start":{"line":43,"column":19},"end":{"line":43,"column":22}},"27":{"start":{"line":44,"column":4},"end":{"line":44,"column":101}},"28":{"start":{"line":45,"column":4},"end":{"line":45,"column":68}},"29":{"start":{"line":46,"column":4},"end":{"line":46,"column":118}},"30":{"start":{"line":48,"column":4},"end":{"line":48,"column":35}},"31":{"start":{"line":51,"column":4},"end":{"line":51,"column":57}},"32":{"start":{"line":52,"column":4},"end":{"line":52,"column":57}},"33":{"start":{"line":54,"column":4},"end":{"line":54,"column":38}},"34":{"start":{"line":55,"column":4},"end":{"line":55,"column":40}},"35":{"start":{"line":56,"column":4},"end":{"line":56,"column":75}},"36":{"start":{"line":58,"column":15},"end":{"line":58,"column":35}},"37":{"start":{"line":59,"column":4},"end":{"line":61,"column":6}},"38":{"start":{"line":63,"column":4},"end":{"line":63,"column":20}},"39":{"start":{"line":64,"column":4},"end":{"line":64,"column":20}},"40":{"start":{"line":68,"column":4},"end":{"line":71,"column":5}},"41":{"start":{"line":69,"column":6},"end":{"line":69,"column":35}},"42":{"start":{"line":70,"column":6},"end":{"line":70,"column":35}},"43":{"start":{"line":75,"column":4},"end":{"line":75,"column":30}},"44":{"start":{"line":76,"column":4},"end":{"line":76,"column":35}},"45":{"start":{"line":80,"column":4},"end":{"line":80,"column":31}},"46":{"start":{"line":81,"column":4},"end":{"line":81,"column":33}},"47":{"start":{"line":85,"column":4},"end":{"line":85,"column":21}},"48":{"start":{"line":89,"column":4},"end":{"line":89,"column":23}}},"fnMap":{"0":{"name":"(anonymous_0)","decl":{"start":{"line":6,"column":2},"end":{"line":6,"column":3}},"loc":{"start":{"line":6,"column":36},"end":{"line":16,"column":3}},"line":6},"1":{"name":"(anonymous_1)","decl":{"start":{"line":18,"column":2},"end":{"line":18,"column":3}},"loc":{"start":{"line":18,"column":45},"end":{"line":65,"column":3}},"line":18},"2":{"name":"(anonymous_2)","decl":{"start":{"line":67,"column":2},"end":{"line":67,"column":3}},"loc":{"start":{"line":67,"column":21},"end":{"line":72,"column":3}},"line":67},"3":{"name":"(anonymous_3)","decl":{"start":{"line":74,"column":2},"end":{"line":74,"column":3}},"loc":{"start":{"line":74,"column":23},"end":{"line":77,"column":3}},"line":74},"4":{"name":"(anonymous_4)","decl":{"start":{"line":79,"column":2},"end":{"line":79,"column":3}},"loc":{"start":{"line":79,"column":18},"end":{"line":82,"column":3}},"line":79},"5":{"name":"(anonymous_5)","decl":{"start":{"line":84,"column":2},"end":{"line":84,"column":3}},"loc":{"start":{"line":84,"column":16},"end":{"line":86,"column":3}},"line":84},"6":{"name":"(anonymous_6)","decl":{"start":{"line":88,"column":2},"end":{"line":88,"column":3}},"loc":{"start":{"line":88,"column":22},"end":{"line":90,"column":3}},"line":88}},"branchMap":{"0":{"loc":{"start":{"line":6,"column":22},"end":{"line":6,"column":34}},"type":"default-arg","locations":[{"start":{"line":6,"column":32},"end":{"line":6,"column":34}}],"line":6},"1":{"loc":{"start":{"line":9,"column":15},"end":{"line":9,"column":41}},"type":"binary-expr","locations":[{"start":{"line":9,"column":15},"end":{"line":9,"column":30}},{"start":{"line":9,"column":34},"end":{"line":9,"column":41}}],"line":9},"2":{"loc":{"start":{"line":10,"column":17},"end":{"line":10,"column":42}},"type":"binary-expr","locations":[{"start":{"line":10,"column":17},"end":{"line":10,"column":34}},{"start":{"line":10,"column":38},"end":{"line":10,"column":42}}],"line":10},"3":{"loc":{"start":{"line":19,"column":19},"end":{"line":19,"column":48}},"type":"binary-expr","locations":[{"start":{"line":19,"column":19},"end":{"line":19,"column":40}},{"start":{"line":19,"column":44},"end":{"line":19,"column":48}}],"line":19},"4":{"loc":{"start":{"line":34,"column":4},"end":{"line":34,"column":82}},"type":"if","locations":[{"start":{"line":34,"column":4},"end":{"line":34,"column":82}},{"start":{},"end":{}}],"line":34},"5":{"loc":{"start":{"line":34,"column":8},"end":{"line":34,"column":44}},"type":"binary-expr","locations":[{"start":{"line":34,"column":8},"end":{"line":34,"column":24}},{"start":{"line":34,"column":28},"end":{"line":34,"column":44}}],"line":34},"6":{"loc":{"start":{"line":35,"column":4},"end":{"line":35,"column":83}},"type":"if","locations":[{"start":{"line":35,"column":4},"end":{"line":35,"column":83}},{"start":{},"end":{}}],"line":35},"7":{"loc":{"start":{"line":35,"column":8},"end":{"line":35,"column":44}},"type":"binary-expr","locations":[{"start":{"line":35,"column":8},"end":{"line":35,"column":24}},{"start":{"line":35,"column":28},"end":{"line":35,"column":44}}],"line":35},"8":{"loc":{"start":{"line":36,"column":4},"end":{"line":36,"column":80}},"type":"if","locations":[{"start":{"line":36,"column":4},"end":{"line":36,"column":80}},{"start":{},"end":{}}],"line":36},"9":{"loc":{"start":{"line":36,"column":8},"end":{"line":36,"column":44}},"type":"binary-expr","locations":[{"start":{"line":36,"column":8},"end":{"line":36,"column":24}},{"start":{"line":36,"column":28},"end":{"line":36,"column":44}}],"line":36},"10":{"loc":{"start":{"line":37,"column":4},"end":{"line":37,"column":81}},"type":"if","locations":[{"start":{"line":37,"column":4},"end":{"line":37,"column":81}},{"start":{},"end":{}}],"line":37},"11":{"loc":{"start":{"line":37,"column":8},"end":{"line":37,"column":44}},"type":"binary-expr","locations":[{"start":{"line":37,"column":8},"end":{"line":37,"column":24}},{"start":{"line":37,"column":28},"end":{"line":37,"column":44}}],"line":37},"12":{"loc":{"start":{"line":38,"column":4},"end":{"line":38,"column":61}},"type":"if","locations":[{"start":{"line":38,"column":4},"end":{"line":38,"column":61}},{"start":{},"end":{}}],"line":38},"13":{"loc":{"start":{"line":38,"column":8},"end":{"line":38,"column":44}},"type":"binary-expr","locations":[{"start":{"line":38,"column":8},"end":{"line":38,"column":24}},{"start":{"line":38,"column":28},"end":{"line":38,"column":44}}],"line":38},"14":{"loc":{"start":{"line":39,"column":4},"end":{"line":39,"column":61}},"type":"if","locations":[{"start":{"line":39,"column":4},"end":{"line":39,"column":61}},{"start":{},"end":{}}],"line":39},"15":{"loc":{"start":{"line":39,"column":8},"end":{"line":39,"column":44}},"type":"binary-expr","locations":[{"start":{"line":39,"column":8},"end":{"line":39,"column":24}},{"start":{"line":39,"column":28},"end":{"line":39,"column":44}}],"line":39},"16":{"loc":{"start":{"line":42,"column":19},"end":{"line":42,"column":42}},"type":"binary-expr","locations":[{"start":{"line":42,"column":19},"end":{"line":42,"column":37}},{"start":{"line":42,"column":41},"end":{"line":42,"column":42}}],"line":42},"17":{"loc":{"start":{"line":68,"column":4},"end":{"line":71,"column":5}},"type":"if","locations":[{"start":{"line":68,"column":4},"end":{"line":71,"column":5}},{"start":{},"end":{}}],"line":68},"18":{"loc":{"start":{"line":69,"column":21},"end":{"line":69,"column":34}},"type":"binary-expr","locations":[{"start":{"line":69,"column":21},"end":{"line":69,"column":29}},{"start":{"line":69,"column":33},"end":{"line":69,"column":34}}],"line":69},"19":{"loc":{"start":{"line":70,"column":21},"end":{"line":70,"column":34}},"type":"binary-expr","locations":[{"start":{"line":70,"column":21},"end":{"line":70,"column":29}},{"start":{"line":70,"column":33},"end":{"line":70,"column":34}}],"line":70}},"s":{"0":0,"1":0,"2":0,"3":0,"4":0,"5":0,"6":0,"7":0,"8":0,"9":0,"10":0,"11":0,"12":0,"13":0,"14":0,"15":0,"16":0,"17":0,"18":0,"19":0,"20":0,"21":0,"22":0,"23":0,"24":0,"25":0,"26":0,"27":0,"28":0,"29":0,"30":0,"31":0,"32":0,"33":0,"34":0,"35":0,"36":0,"37":0,"38":0,"39":0,"40":0,"41":0,"42":0,"43":0,"44":0,"45":0,"46":0,"47":0,"48":0},"f":{"0":0,"1":0,"2":0,"3":0,"4":0,"5":0,"6":0},"b":{"0":[0],"1":[0,0],"2":[0,0],"3":[0,0],"4":[0,0],"5":[0,0],"6":[0,0],"7":[0,0],"8":[0,0],"9":[0,0],"10":[0,0],"11":[0,0],"12":[0,0],"13":[0,0],"14":[0,0],"15":[0,0],"16":[0,0],"17":[0,0],"18":[0,0],"19":[0,0]},"_coverageSchema":"1a1c01bbd47fc00a2c39e90264f33305004495a9","hash":"a3cbe950f420d2713a41257270ff2d77c59e9b31"}
,"/home/hasib/my-app/rack3d-npm/rack3d-visualizer-1.0.0/package/src/abstractions/OrbitCamera.js": {"path":"/home/hasib/my-app/rack3d-npm/rack3d-visualizer-1.0.0/package/src/abstractions/OrbitCamera.js","statementMap":{"0":{"start":{"line":7,"column":4},"end":{"line":7,"column":27}},"1":{"start":{"line":8,"column":4},"end":{"line":8,"column":24}},"2":{"start":{"line":9,"column":4},"end":{"line":9,"column":46}},"3":{"start":{"line":10,"column":4},"end":{"line":10,"column":47}},"4":{"start":{"line":11,"column":4},"end":{"line":11,"column":43}},"5":{"start":{"line":12,"column":4},"end":{"line":12,"column":54}},"6":{"start":{"line":13,"column":4},"end":{"line":13,"column":28}},"7":{"start":{"line":14,"column":4},"end":{"line":14,"column":24}},"8":{"start":{"line":15,"column":4},"end":{"line":15,"column":24}},"9":{"start":{"line":19,"column":19},"end":{"line":19,"column":43}},"10":{"start":{"line":20,"column":4},"end":{"line":24,"column":6}},"11":{"start":{"line":25,"column":4},"end":{"line":25,"column":36}},"12":{"start":{"line":29,"column":4},"end":{"line":46,"column":5}},"13":{"start":{"line":30,"column":6},"end":{"line":30,"column":29}},"14":{"start":{"line":31,"column":6},"end":{"line":31,"column":32}},"15":{"start":{"line":32,"column":6},"end":{"line":32,"column":32}},"16":{"start":{"line":33,"column":11},"end":{"line":46,"column":5}},"17":{"start":{"line":34,"column":6},"end":{"line":34,"column":30}},"18":{"start":{"line":35,"column":11},"end":{"line":46,"column":5}},"19":{"start":{"line":36,"column":17},"end":{"line":36,"column":42}},"20":{"start":{"line":37,"column":17},"end":{"line":37,"column":42}},"21":{"start":{"line":38,"column":6},"end":{"line":38,"column":33}},"22":{"start":{"line":39,"column":6},"end":{"line":39,"column":35}},"23":{"start":{"line":40,"column":6},"end":{"line":40,"column":85}},"24":{"start":{"line":41,"column":6},"end":{"line":41,"column":32}},"25":{"start":{"line":42,"column":6},"end":{"line":42,"column":32}},"26":{"start":{"line":43,"column":11},"end":{"line":46,"column":5}},"27":{"start":{"line":44,"column":6},"end":{"line":44,"column":43}},"28":{"start":{"line":45,"column":6},"end":{"line":45,"column":64}},"29":{"start":{"line":50,"column":4},"end":{"line":50,"column":29}},"30":{"start":{"line":54,"column":4},"end":{"line":54,"column":57}},"31":{"start":{"line":58,"column":4},"end":{"line":58,"column":25}},"32":{"start":{"line":62,"column":4},"end":{"line":62,"column":74}}},"fnMap":{"0":{"name":"(anonymous_0)","decl":{"start":{"line":6,"column":2},"end":{"line":6,"column":3}},"loc":{"start":{"line":6,"column":36},"end":{"line":16,"column":3}},"line":6},"1":{"name":"(anonymous_1)","decl":{"start":{"line":18,"column":2},"end":{"line":18,"column":3}},"loc":{"start":{"line":18,"column":20},"end":{"line":26,"column":3}},"line":18},"2":{"name":"(anonymous_2)","decl":{"start":{"line":28,"column":2},"end":{"line":28,"column":3}},"loc":{"start":{"line":28,"column":21},"end":{"line":47,"column":3}},"line":28},"3":{"name":"(anonymous_3)","decl":{"start":{"line":49,"column":2},"end":{"line":49,"column":3}},"loc":{"start":{"line":49,"column":21},"end":{"line":51,"column":3}},"line":49},"4":{"name":"(anonymous_4)","decl":{"start":{"line":53,"column":2},"end":{"line":53,"column":3}},"loc":{"start":{"line":53,"column":24},"end":{"line":55,"column":3}},"line":53},"5":{"name":"(anonymous_5)","decl":{"start":{"line":57,"column":2},"end":{"line":57,"column":3}},"loc":{"start":{"line":57,"column":20},"end":{"line":59,"column":3}},"line":57},"6":{"name":"(anonymous_6)","decl":{"start":{"line":61,"column":2},"end":{"line":61,"column":3}},"loc":{"start":{"line":61,"column":22},"end":{"line":63,"column":3}},"line":61}},"branchMap":{"0":{"loc":{"start":{"line":6,"column":22},"end":{"line":6,"column":34}},"type":"default-arg","locations":[{"start":{"line":6,"column":32},"end":{"line":6,"column":34}}],"line":6},"1":{"loc":{"start":{"line":9,"column":19},"end":{"line":9,"column":45}},"type":"binary-expr","locations":[{"start":{"line":9,"column":19},"end":{"line":9,"column":34}},{"start":{"line":9,"column":38},"end":{"line":9,"column":45}}],"line":9},"2":{"loc":{"start":{"line":10,"column":21},"end":{"line":10,"column":46}},"type":"binary-expr","locations":[{"start":{"line":10,"column":21},"end":{"line":10,"column":38}},{"start":{"line":10,"column":42},"end":{"line":10,"column":46}}],"line":10},"3":{"loc":{"start":{"line":11,"column":20},"end":{"line":11,"column":42}},"type":"binary-expr","locations":[{"start":{"line":11,"column":20},"end":{"line":11,"column":36}},{"start":{"line":11,"column":40},"end":{"line":11,"column":42}}],"line":11},"4":{"loc":{"start":{"line":29,"column":4},"end":{"line":46,"column":5}},"type":"if","locations":[{"start":{"line":29,"column":4},"end":{"line":46,"column":5}},{"start":{"line":33,"column":11},"end":{"line":46,"column":5}}],"line":29},"5":{"loc":{"start":{"line":33,"column":11},"end":{"line":46,"column":5}},"type":"if","locations":[{"start":{"line":33,"column":11},"end":{"line":46,"column":5}},{"start":{"line":35,"column":11},"end":{"line":46,"column":5}}],"line":33},"6":{"loc":{"start":{"line":35,"column":11},"end":{"line":46,"column":5}},"type":"if","locations":[{"start":{"line":35,"column":11},"end":{"line":46,"column":5}},{"start":{"line":43,"column":11},"end":{"line":46,"column":5}}],"line":35},"7":{"loc":{"start":{"line":35,"column":15},"end":{"line":35,"column":60}},"type":"binary-expr","locations":[{"start":{"line":35,"column":15},"end":{"line":35,"column":41}},{"start":{"line":35,"column":45},"end":{"line":35,"column":60}}],"line":35},"8":{"loc":{"start":{"line":43,"column":11},"end":{"line":46,"column":5}},"type":"if","locations":[{"start":{"line":43,"column":11},"end":{"line":46,"column":5}},{"start":{},"end":{}}],"line":43}},"s":{"0":0,"1":0,"2":0,"3":0,"4":0,"5":0,"6":0,"7":0,"8":0,"9":0,"10":0,"11":0,"12":0,"13":0,"14":0,"15":0,"16":0,"17":0,"18":0,"19":0,"20":0,"21":0,"22":0,"23":0,"24":0,"25":0,"26":0,"27":0,"28":0,"29":0,"30":0,"31":0,"32":0},"f":{"0":0,"1":0,"2":0,"3":0,"4":0,"5":0,"6":0},"b":{"0":[0],"1":[0,0],"2":[0,0],"3":[0,0],"4":[0,0],"5":[0,0],"6":[0,0],"7":[0,0],"8":[0,0]},"_coverageSchema":"1a1c01bbd47fc00a2c39e90264f33305004495a9","hash":"5fc13ed91be25c80298b39d04abc053400fc1c32"}
,"/home/hasib/my-app/rack3d-npm/rack3d-visualizer-1.0.0/package/src/builders/DeviceBuilder.js": {"path":"/home/hasib/my-app/rack3d-npm/rack3d-visualizer-1.0.0/package/src/builders/DeviceBuilder.js","statementMap":{"0":{"start":{"line":7,"column":4},"end":{"line":7,"column":23}},"1":{"start":{"line":8,"column":4},"end":{"line":8,"column":43}},"2":{"start":{"line":9,"column":4},"end":{"line":9,"column":35}},"3":{"start":{"line":13,"column":15},"end":{"line":13,"column":26}},"4":{"start":{"line":14,"column":15},"end":{"line":14,"column":28}},"5":{"start":{"line":15,"column":15},"end":{"line":15,"column":23}},"6":{"start":{"line":16,"column":15},"end":{"line":16,"column":23}},"7":{"start":{"line":17,"column":17},"end":{"line":17,"column":28}},"8":{"start":{"line":19,"column":23},"end":{"line":19,"column":50}},"9":{"start":{"line":20,"column":24},"end":{"line":20,"column":52}},"10":{"start":{"line":21,"column":19},"end":{"line":21,"column":44}},"11":{"start":{"line":22,"column":18},"end":{"line":22,"column":38}},"12":{"start":{"line":23,"column":15},"end":{"line":23,"column":48}},"13":{"start":{"line":24,"column":17},"end":{"line":24,"column":83}},"14":{"start":{"line":26,"column":15},"end":{"line":26,"column":45}},"15":{"start":{"line":27,"column":15},"end":{"line":27,"column":34}},"16":{"start":{"line":28,"column":14},"end":{"line":28,"column":64}},"17":{"start":{"line":30,"column":21},"end":{"line":30,"column":77}},"18":{"start":{"line":31,"column":19},"end":{"line":31,"column":49}},"19":{"start":{"line":32,"column":19},"end":{"line":32,"column":31}},"20":{"start":{"line":33,"column":16},"end":{"line":33,"column":32}},"21":{"start":{"line":36,"column":20},"end":{"line":36,"column":74}},"22":{"start":{"line":36,"column":57},"end":{"line":36,"column":72}},"23":{"start":{"line":37,"column":20},"end":{"line":37,"column":81}},"24":{"start":{"line":38,"column":17},"end":{"line":38,"column":85}},"25":{"start":{"line":39,"column":4},"end":{"line":39,"column":29}},"26":{"start":{"line":40,"column":4},"end":{"line":40,"column":39}},"27":{"start":{"line":41,"column":4},"end":{"line":41,"column":36}},"28":{"start":{"line":42,"column":4},"end":{"line":42,"column":27}},"29":{"start":{"line":43,"column":4},"end":{"line":43,"column":30}},"30":{"start":{"line":44,"column":4},"end":{"line":44,"column":34}},"31":{"start":{"line":45,"column":4},"end":{"line":45,"column":20}},"32":{"start":{"line":48,"column":21},"end":{"line":48,"column":75}},"33":{"start":{"line":48,"column":58},"end":{"line":48,"column":73}},"34":{"start":{"line":49,"column":21},"end":{"line":49,"column":83}},"35":{"start":{"line":50,"column":18},"end":{"line":50,"column":89}},"36":{"start":{"line":51,"column":4},"end":{"line":51,"column":31}},"37":{"start":{"line":52,"column":4},"end":{"line":52,"column":40}},"38":{"start":{"line":53,"column":4},"end":{"line":53,"column":37}},"39":{"start":{"line":54,"column":4},"end":{"line":54,"column":28}},"40":{"start":{"line":55,"column":4},"end":{"line":55,"column":31}},"41":{"start":{"line":56,"column":4},"end":{"line":56,"column":51}},"42":{"start":{"line":57,"column":4},"end":{"line":57,"column":21}},"43":{"start":{"line":60,"column":18},"end":{"line":60,"column":27}},"44":{"start":{"line":61,"column":18},"end":{"line":61,"column":27}},"45":{"start":{"line":62,"column":21},"end":{"line":62,"column":88}},"46":{"start":{"line":62,"column":58},"end":{"line":62,"column":86}},"47":{"start":{"line":63,"column":21},"end":{"line":63,"column":99}},"48":{"start":{"line":64,"column":18},"end":{"line":64,"column":95}},"49":{"start":{"line":65,"column":4},"end":{"line":65,"column":31}},"50":{"start":{"line":66,"column":4},"end":{"line":66,"column":40}},"51":{"start":{"line":67,"column":4},"end":{"line":67,"column":37}},"52":{"start":{"line":68,"column":4},"end":{"line":68,"column":28}},"53":{"start":{"line":69,"column":4},"end":{"line":69,"column":31}},"54":{"start":{"line":70,"column":4},"end":{"line":70,"column":51}},"55":{"start":{"line":71,"column":4},"end":{"line":71,"column":21}},"56":{"start":{"line":72,"column":4},"end":{"line":72,"column":36}},"57":{"start":{"line":75,"column":4},"end":{"line":91,"column":5}},"58":{"start":{"line":76,"column":21},"end":{"line":80,"column":8}},"59":{"start":{"line":81,"column":23},"end":{"line":81,"column":94}},"60":{"start":{"line":82,"column":6},"end":{"line":82,"column":49}},"61":{"start":{"line":83,"column":6},"end":{"line":83,"column":40}},"62":{"start":{"line":84,"column":6},"end":{"line":84,"column":45}},"63":{"start":{"line":85,"column":6},"end":{"line":85,"column":42}},"64":{"start":{"line":86,"column":6},"end":{"line":86,"column":33}},"65":{"start":{"line":87,"column":6},"end":{"line":87,"column":42}},"66":{"start":{"line":88,"column":6},"end":{"line":88,"column":28}},"67":{"start":{"line":89,"column":6},"end":{"line":89,"column":26}},"68":{"start":{"line":90,"column":6},"end":{"line":90,"column":54}},"69":{"start":{"line":94,"column":4},"end":{"line":109,"column":5}},"70":{"start":{"line":95,"column":22},"end":{"line":99,"column":8}},"71":{"start":{"line":100,"column":24},"end":{"line":100,"column":96}},"72":{"start":{"line":101,"column":6},"end":{"line":101,"column":49}},"73":{"start":{"line":102,"column":6},"end":{"line":102,"column":41}},"74":{"start":{"line":103,"column":6},"end":{"line":103,"column":46}},"75":{"start":{"line":104,"column":6},"end":{"line":104,"column":43}},"76":{"start":{"line":105,"column":6},"end":{"line":105,"column":34}},"77":{"start":{"line":106,"column":6},"end":{"line":106,"column":43}},"78":{"start":{"line":107,"column":6},"end":{"line":107,"column":27}},"79":{"start":{"line":108,"column":6},"end":{"line":108,"column":59}},"80":{"start":{"line":112,"column":21},"end":{"line":112,"column":69}},"81":{"start":{"line":113,"column":18},"end":{"line":113,"column":119}},"82":{"start":{"line":114,"column":4},"end":{"line":114,"column":32}},"83":{"start":{"line":115,"column":4},"end":{"line":115,"column":40}},"84":{"start":{"line":116,"column":4},"end":{"line":116,"column":37}},"85":{"start":{"line":117,"column":4},"end":{"line":117,"column":28}},"86":{"start":{"line":118,"column":4},"end":{"line":118,"column":31}},"87":{"start":{"line":119,"column":4},"end":{"line":119,"column":69}},"88":{"start":{"line":120,"column":4},"end":{"line":120,"column":21}},"89":{"start":{"line":123,"column":20},"end":{"line":123,"column":50}},"90":{"start":{"line":124,"column":15},"end":{"line":124,"column":51}},"91":{"start":{"line":125,"column":4},"end":{"line":136,"column":5}},"92":{"start":{"line":125,"column":17},"end":{"line":125,"column":18}},"93":{"start":{"line":126,"column":17},"end":{"line":126,"column":31}},"94":{"start":{"line":127,"column":21},"end":{"line":127,"column":63}},"95":{"start":{"line":128,"column":18},"end":{"line":128,"column":89}},"96":{"start":{"line":129,"column":6},"end":{"line":129,"column":30}},"97":{"start":{"line":130,"column":6},"end":{"line":130,"column":40}},"98":{"start":{"line":131,"column":6},"end":{"line":131,"column":37}},"99":{"start":{"line":132,"column":6},"end":{"line":132,"column":28}},"100":{"start":{"line":133,"column":6},"end":{"line":133,"column":31}},"101":{"start":{"line":134,"column":6},"end":{"line":134,"column":94}},"102":{"start":{"line":135,"column":6},"end":{"line":135,"column":21}},"103":{"start":{"line":139,"column":4},"end":{"line":141,"column":5}},"104":{"start":{"line":140,"column":6},"end":{"line":140,"column":89}},"105":{"start":{"line":144,"column":4},"end":{"line":146,"column":5}},"106":{"start":{"line":145,"column":6},"end":{"line":145,"column":81}},"107":{"start":{"line":149,"column":4},"end":{"line":151,"column":5}},"108":{"start":{"line":150,"column":6},"end":{"line":150,"column":69}},"109":{"start":{"line":154,"column":18},"end":{"line":154,"column":40}},"110":{"start":{"line":155,"column":17},"end":{"line":155,"column":32}},"111":{"start":{"line":156,"column":17},"end":{"line":156,"column":32}},"112":{"start":{"line":157,"column":15},"end":{"line":157,"column":24}},"113":{"start":{"line":158,"column":17},"end":{"line":160,"column":33}},"114":{"start":{"line":161,"column":15},"end":{"line":161,"column":41}},"115":{"start":{"line":162,"column":19},"end":{"line":162,"column":59}},"116":{"start":{"line":163,"column":19},"end":{"line":163,"column":60}},"117":{"start":{"line":164,"column":4},"end":{"line":164,"column":89}},"118":{"start":{"line":168,"column":19},"end":{"line":168,"column":78}},"119":{"start":{"line":169,"column":15},"end":{"line":169,"column":104}},"120":{"start":{"line":170,"column":15},"end":{"line":170,"column":103}},"121":{"start":{"line":171,"column":21},"end":{"line":171,"column":35}},"122":{"start":{"line":172,"column":18},"end":{"line":172,"column":49}},"123":{"start":{"line":173,"column":15},"end":{"line":173,"column":40}},"124":{"start":{"line":174,"column":15},"end":{"line":174,"column":53}},"125":{"start":{"line":176,"column":4},"end":{"line":198,"column":5}},"126":{"start":{"line":176,"column":18},"end":{"line":176,"column":19}},"127":{"start":{"line":177,"column":6},"end":{"line":197,"column":7}},"128":{"start":{"line":177,"column":19},"end":{"line":177,"column":20}},"129":{"start":{"line":178,"column":19},"end":{"line":178,"column":60}},"130":{"start":{"line":179,"column":19},"end":{"line":179,"column":58}},"131":{"start":{"line":180,"column":19},"end":{"line":180,"column":37}},"132":{"start":{"line":182,"column":20},"end":{"line":182,"column":93}},"133":{"start":{"line":183,"column":8},"end":{"line":183,"column":32}},"134":{"start":{"line":184,"column":8},"end":{"line":184,"column":37}},"135":{"start":{"line":185,"column":8},"end":{"line":185,"column":30}},"136":{"start":{"line":186,"column":8},"end":{"line":186,"column":33}},"137":{"start":{"line":187,"column":8},"end":{"line":187,"column":37}},"138":{"start":{"line":188,"column":8},"end":{"line":188,"column":23}},"139":{"start":{"line":190,"column":23},"end":{"line":190,"column":98}},"140":{"start":{"line":191,"column":8},"end":{"line":191,"column":35}},"141":{"start":{"line":192,"column":8},"end":{"line":192,"column":40}},"142":{"start":{"line":193,"column":8},"end":{"line":193,"column":33}},"143":{"start":{"line":194,"column":8},"end":{"line":194,"column":36}},"144":{"start":{"line":195,"column":8},"end":{"line":195,"column":64}},"145":{"start":{"line":196,"column":8},"end":{"line":196,"column":26}},"146":{"start":{"line":202,"column":15},"end":{"line":202,"column":87}},"147":{"start":{"line":203,"column":16},"end":{"line":208,"column":6}},"148":{"start":{"line":210,"column":19},"end":{"line":210,"column":78}},"149":{"start":{"line":211,"column":15},"end":{"line":215,"column":22}},"150":{"start":{"line":217,"column":15},"end":{"line":217,"column":49}},"151":{"start":{"line":218,"column":15},"end":{"line":218,"column":42}},"152":{"start":{"line":220,"column":4},"end":{"line":230,"column":5}},"153":{"start":{"line":220,"column":17},"end":{"line":220,"column":18}},"154":{"start":{"line":221,"column":17},"end":{"line":221,"column":66}},"155":{"start":{"line":222,"column":22},"end":{"line":222,"column":52}},"156":{"start":{"line":223,"column":19},"end":{"line":223,"column":89}},"157":{"start":{"line":224,"column":6},"end":{"line":224,"column":32}},"158":{"start":{"line":225,"column":6},"end":{"line":225,"column":36}},"159":{"start":{"line":226,"column":6},"end":{"line":226,"column":29}},"160":{"start":{"line":227,"column":6},"end":{"line":227,"column":32}},"161":{"start":{"line":228,"column":6},"end":{"line":228,"column":65}},"162":{"start":{"line":229,"column":6},"end":{"line":229,"column":22}},"163":{"start":{"line":234,"column":15},"end":{"line":234,"column":88}},"164":{"start":{"line":235,"column":15},"end":{"line":235,"column":50}},"165":{"start":{"line":236,"column":4},"end":{"line":244,"column":5}},"166":{"start":{"line":236,"column":17},"end":{"line":236,"column":18}},"167":{"start":{"line":237,"column":19},"end":{"line":237,"column":98}},"168":{"start":{"line":238,"column":6},"end":{"line":238,"column":32}},"169":{"start":{"line":239,"column":6},"end":{"line":239,"column":36}},"170":{"start":{"line":240,"column":6},"end":{"line":240,"column":29}},"171":{"start":{"line":241,"column":6},"end":{"line":241,"column":32}},"172":{"start":{"line":242,"column":6},"end":{"line":242,"column":77}},"173":{"start":{"line":243,"column":6},"end":{"line":243,"column":22}},"174":{"start":{"line":248,"column":19},"end":{"line":248,"column":49}},"175":{"start":{"line":249,"column":4},"end":{"line":257,"column":6}},"176":{"start":{"line":251,"column":8},"end":{"line":251,"column":28}},"177":{"start":{"line":252,"column":8},"end":{"line":252,"column":27}},"178":{"start":{"line":253,"column":8},"end":{"line":253,"column":36}},"179":{"start":{"line":256,"column":13},"end":{"line":256,"column":76}}},"fnMap":{"0":{"name":"(anonymous_0)","decl":{"start":{"line":6,"column":2},"end":{"line":6,"column":3}},"loc":{"start":{"line":6,"column":51},"end":{"line":10,"column":3}},"line":6},"1":{"name":"(anonymous_1)","decl":{"start":{"line":12,"column":2},"end":{"line":12,"column":3}},"loc":{"start":{"line":12,"column":81},"end":{"line":165,"column":3}},"line":12},"2":{"name":"(anonymous_2)","decl":{"start":{"line":36,"column":52},"end":{"line":36,"column":53}},"loc":{"start":{"line":36,"column":57},"end":{"line":36,"column":72}},"line":36},"3":{"name":"(anonymous_3)","decl":{"start":{"line":48,"column":53},"end":{"line":48,"column":54}},"loc":{"start":{"line":48,"column":58},"end":{"line":48,"column":73}},"line":48},"4":{"name":"(anonymous_4)","decl":{"start":{"line":62,"column":53},"end":{"line":62,"column":54}},"loc":{"start":{"line":62,"column":58},"end":{"line":62,"column":86}},"line":62},"5":{"name":"(anonymous_5)","decl":{"start":{"line":167,"column":2},"end":{"line":167,"column":3}},"loc":{"start":{"line":167,"column":78},"end":{"line":199,"column":3}},"line":167},"6":{"name":"(anonymous_6)","decl":{"start":{"line":201,"column":2},"end":{"line":201,"column":3}},"loc":{"start":{"line":201,"column":70},"end":{"line":231,"column":3}},"line":201},"7":{"name":"(anonymous_7)","decl":{"start":{"line":233,"column":2},"end":{"line":233,"column":3}},"loc":{"start":{"line":233,"column":58},"end":{"line":245,"column":3}},"line":233},"8":{"name":"(anonymous_8)","decl":{"start":{"line":247,"column":2},"end":{"line":247,"column":3}},"loc":{"start":{"line":247,"column":35},"end":{"line":258,"column":3}},"line":247},"9":{"name":"(anonymous_9)","decl":{"start":{"line":250,"column":6},"end":{"line":250,"column":7}},"loc":{"start":{"line":250,"column":13},"end":{"line":254,"column":7}},"line":250},"10":{"name":"(anonymous_10)","decl":{"start":{"line":256,"column":6},"end":{"line":256,"column":7}},"loc":{"start":{"line":256,"column":13},"end":{"line":256,"column":76}},"line":256}},"branchMap":{"0":{"loc":{"start":{"line":21,"column":19},"end":{"line":21,"column":44}},"type":"binary-expr","locations":[{"start":{"line":21,"column":19},"end":{"line":21,"column":29}},{"start":{"line":21,"column":33},"end":{"line":21,"column":44}}],"line":21},"1":{"loc":{"start":{"line":23,"column":15},"end":{"line":23,"column":48}},"type":"cond-expr","locations":[{"start":{"line":23,"column":24},"end":{"line":23,"column":40}},{"start":{"line":23,"column":43},"end":{"line":23,"column":48}}],"line":23},"2":{"loc":{"start":{"line":24,"column":17},"end":{"line":24,"column":83}},"type":"cond-expr","locations":[{"start":{"line":24,"column":27},"end":{"line":24,"column":78}},{"start":{"line":24,"column":82},"end":{"line":24,"column":83}}],"line":24},"3":{"loc":{"start":{"line":24,"column":27},"end":{"line":24,"column":78}},"type":"cond-expr","locations":[{"start":{"line":24,"column":40},"end":{"line":24,"column":59}},{"start":{"line":24,"column":62},"end":{"line":24,"column":78}}],"line":24},"4":{"loc":{"start":{"line":30,"column":21},"end":{"line":30,"column":77}},"type":"binary-expr","locations":[{"start":{"line":30,"column":21},"end":{"line":30,"column":50}},{"start":{"line":30,"column":54},"end":{"line":30,"column":77}}],"line":30},"5":{"loc":{"start":{"line":31,"column":19},"end":{"line":31,"column":49}},"type":"binary-expr","locations":[{"start":{"line":31,"column":19},"end":{"line":31,"column":31}},{"start":{"line":31,"column":35},"end":{"line":31,"column":49}}],"line":31},"6":{"loc":{"start":{"line":75,"column":4},"end":{"line":91,"column":5}},"type":"if","locations":[{"start":{"line":75,"column":4},"end":{"line":91,"column":5}},{"start":{},"end":{}}],"line":75},"7":{"loc":{"start":{"line":94,"column":4},"end":{"line":109,"column":5}},"type":"if","locations":[{"start":{"line":94,"column":4},"end":{"line":109,"column":5}},{"start":{},"end":{}}],"line":94},"8":{"loc":{"start":{"line":139,"column":4},"end":{"line":141,"column":5}},"type":"if","locations":[{"start":{"line":139,"column":4},"end":{"line":141,"column":5}},{"start":{},"end":{}}],"line":139},"9":{"loc":{"start":{"line":139,"column":8},"end":{"line":139,"column":90}},"type":"binary-expr","locations":[{"start":{"line":139,"column":9},"end":{"line":139,"column":33}},{"start":{"line":139,"column":37},"end":{"line":139,"column":62}},{"start":{"line":139,"column":67},"end":{"line":139,"column":90}}],"line":139},"10":{"loc":{"start":{"line":144,"column":4},"end":{"line":146,"column":5}},"type":"if","locations":[{"start":{"line":144,"column":4},"end":{"line":146,"column":5}},{"start":{},"end":{}}],"line":144},"11":{"loc":{"start":{"line":149,"column":4},"end":{"line":151,"column":5}},"type":"if","locations":[{"start":{"line":149,"column":4},"end":{"line":151,"column":5}},{"start":{},"end":{}}],"line":149},"12":{"loc":{"start":{"line":154,"column":18},"end":{"line":154,"column":40}},"type":"binary-expr","locations":[{"start":{"line":154,"column":18},"end":{"line":154,"column":35}},{"start":{"line":154,"column":39},"end":{"line":154,"column":40}}],"line":154},"13":{"loc":{"start":{"line":158,"column":17},"end":{"line":160,"column":33}},"type":"cond-expr","locations":[{"start":{"line":159,"column":8},"end":{"line":159,"column":37}},{"start":{"line":160,"column":8},"end":{"line":160,"column":33}}],"line":158},"14":{"loc":{"start":{"line":159,"column":8},"end":{"line":159,"column":37}},"type":"cond-expr","locations":[{"start":{"line":159,"column":21},"end":{"line":159,"column":27}},{"start":{"line":159,"column":30},"end":{"line":159,"column":37}}],"line":159},"15":{"loc":{"start":{"line":160,"column":8},"end":{"line":160,"column":33}},"type":"cond-expr","locations":[{"start":{"line":160,"column":17},"end":{"line":160,"column":23}},{"start":{"line":160,"column":26},"end":{"line":160,"column":33}}],"line":160},"16":{"loc":{"start":{"line":161,"column":15},"end":{"line":161,"column":41}},"type":"cond-expr","locations":[{"start":{"line":161,"column":33},"end":{"line":161,"column":36}},{"start":{"line":161,"column":39},"end":{"line":161,"column":41}}],"line":161},"17":{"loc":{"start":{"line":168,"column":19},"end":{"line":168,"column":78}},"type":"binary-expr","locations":[{"start":{"line":168,"column":19},"end":{"line":168,"column":46}},{"start":{"line":168,"column":50},"end":{"line":168,"column":78}}],"line":168},"18":{"loc":{"start":{"line":171,"column":21},"end":{"line":171,"column":35}},"type":"cond-expr","locations":[{"start":{"line":171,"column":30},"end":{"line":171,"column":31}},{"start":{"line":171,"column":34},"end":{"line":171,"column":35}}],"line":171},"19":{"loc":{"start":{"line":210,"column":19},"end":{"line":210,"column":78}},"type":"binary-expr","locations":[{"start":{"line":210,"column":19},"end":{"line":210,"column":46}},{"start":{"line":210,"column":50},"end":{"line":210,"column":78}}],"line":210},"20":{"loc":{"start":{"line":211,"column":15},"end":{"line":215,"column":22}},"type":"cond-expr","locations":[{"start":{"line":212,"column":8},"end":{"line":212,"column":24}},{"start":{"line":213,"column":8},"end":{"line":215,"column":22}}],"line":211},"21":{"loc":{"start":{"line":212,"column":8},"end":{"line":212,"column":24}},"type":"cond-expr","locations":[{"start":{"line":212,"column":17},"end":{"line":212,"column":19}},{"start":{"line":212,"column":22},"end":{"line":212,"column":24}}],"line":212},"22":{"loc":{"start":{"line":213,"column":8},"end":{"line":215,"column":22}},"type":"cond-expr","locations":[{"start":{"line":214,"column":8},"end":{"line":214,"column":23}},{"start":{"line":215,"column":8},"end":{"line":215,"column":22}}],"line":213},"23":{"loc":{"start":{"line":214,"column":8},"end":{"line":214,"column":23}},"type":"cond-expr","locations":[{"start":{"line":214,"column":17},"end":{"line":214,"column":18}},{"start":{"line":214,"column":21},"end":{"line":214,"column":23}}],"line":214},"24":{"loc":{"start":{"line":215,"column":8},"end":{"line":215,"column":22}},"type":"cond-expr","locations":[{"start":{"line":215,"column":17},"end":{"line":215,"column":18}},{"start":{"line":215,"column":21},"end":{"line":215,"column":22}}],"line":215},"25":{"loc":{"start":{"line":222,"column":22},"end":{"line":222,"column":52}},"type":"cond-expr","locations":[{"start":{"line":222,"column":44},"end":{"line":222,"column":47}},{"start":{"line":222,"column":50},"end":{"line":222,"column":52}}],"line":222}},"s":{"0":0,"1":0,"2":0,"3":0,"4":0,"5":0,"6":0,"7":0,"8":0,"9":0,"10":0,"11":0,"12":0,"13":0,"14":0,"15":0,"16":0,"17":0,"18":0,"19":0,"20":0,"21":0,"22":0,"23":0,"24":0,"25":0,"26":0,"27":0,"28":0,"29":0,"30":0,"31":0,"32":0,"33":0,"34":0,"35":0,"36":0,"37":0,"38":0,"39":0,"40":0,"41":0,"42":0,"43":0,"44":0,"45":0,"46":0,"47":0,"48":0,"49":0,"50":0,"51":0,"52":0,"53":0,"54":0,"55":0,"56":0,"57":0,"58":0,"59":0,"60":0,"61":0,"62":0,"63":0,"64":0,"65":0,"66":0,"67":0,"68":0,"69":0,"70":0,"71":0,"72":0,"73":0,"74":0,"75":0,"76":0,"77":0,"78":0,"79":0,"80":0,"81":0,"82":0,"83":0,"84":0,"85":0,"86":0,"87":0,"88":0,"89":0,"90":0,"91":0,"92":0,"93":0,"94":0,"95":0,"96":0,"97":0,"98":0,"99":0,"100":0,"101":0,"102":0,"103":0,"104":0,"105":0,"106":0,"107":0,"108":0,"109":0,"110":0,"111":0,"112":0,"113":0,"114":0,"115":0,"116":0,"117":0,"118":0,"119":0,"120":0,"121":0,"122":0,"123":0,"124":0,"125":0,"126":0,"127":0,"128":0,"129":0,"130":0,"131":0,"132":0,"133":0,"134":0,"135":0,"136":0,"137":0,"138":0,"139":0,"140":0,"141":0,"142":0,"143":0,"144":0,"145":0,"146":0,"147":0,"148":0,"149":0,"150":0,"151":0,"152":0,"153":0,"154":0,"155":0,"156":0,"157":0,"158":0,"159":0,"160":0,"161":0,"162":0,"163":0,"164":0,"165":0,"166":0,"167":0,"168":0,"169":0,"170":0,"171":0,"172":0,"173":0,"174":0,"175":0,"176":0,"177":0,"178":0,"179":0},"f":{"0":0,"1":0,"2":0,"3":0,"4":0,"5":0,"6":0,"7":0,"8":0,"9":0,"10":0},"b":{"0":[0,0],"1":[0,0],"2":[0,0],"3":[0,0],"4":[0,0],"5":[0,0],"6":[0,0],"7":[0,0],"8":[0,0],"9":[0,0,0],"10":[0,0],"11":[0,0],"12":[0,0],"13":[0,0],"14":[0,0],"15":[0,0],"16":[0,0],"17":[0,0],"18":[0,0],"19":[0,0],"20":[0,0],"21":[0,0],"22":[0,0],"23":[0,0],"24":[0,0],"25":[0,0]}}
,"/home/hasib/my-app/rack3d-npm/rack3d-visualizer-1.0.0/package/src/builders/EnvironmentBuilder.js": {"path":"/home/hasib/my-app/rack3d-npm/rack3d-visualizer-1.0.0/package/src/builders/EnvironmentBuilder.js","statementMap":{"0":{"start":{"line":5,"column":4},"end":{"line":5,"column":23}},"1":{"start":{"line":6,"column":4},"end":{"line":6,"column":23}},"2":{"start":{"line":10,"column":15},"end":{"line":10,"column":26}},"3":{"start":{"line":11,"column":15},"end":{"line":11,"column":30}},"4":{"start":{"line":12,"column":15},"end":{"line":12,"column":25}},"5":{"start":{"line":13,"column":14},"end":{"line":13,"column":22}},"6":{"start":{"line":14,"column":14},"end":{"line":14,"column":22}},"7":{"start":{"line":15,"column":14},"end":{"line":15,"column":23}},"8":{"start":{"line":16,"column":16},"end":{"line":16,"column":27}},"9":{"start":{"line":17,"column":15},"end":{"line":17,"column":16}},"10":{"start":{"line":18,"column":15},"end":{"line":18,"column":16}},"11":{"start":{"line":20,"column":4},"end":{"line":20,"column":55}},"12":{"start":{"line":21,"column":4},"end":{"line":21,"column":51}},"13":{"start":{"line":22,"column":4},"end":{"line":22,"column":49}},"14":{"start":{"line":23,"column":4},"end":{"line":23,"column":59}},"15":{"start":{"line":24,"column":4},"end":{"line":24,"column":56}},"16":{"start":{"line":25,"column":4},"end":{"line":25,"column":52}},"17":{"start":{"line":26,"column":4},"end":{"line":26,"column":54}},"18":{"start":{"line":27,"column":4},"end":{"line":27,"column":37}},"19":{"start":{"line":31,"column":21},"end":{"line":35,"column":6}},"20":{"start":{"line":36,"column":18},"end":{"line":36,"column":83}},"21":{"start":{"line":37,"column":4},"end":{"line":37,"column":36}},"22":{"start":{"line":38,"column":4},"end":{"line":38,"column":38}},"23":{"start":{"line":39,"column":4},"end":{"line":39,"column":31}},"24":{"start":{"line":40,"column":4},"end":{"line":40,"column":21}},"25":{"start":{"line":42,"column":4},"end":{"line":44,"column":5}},"26":{"start":{"line":43,"column":6},"end":{"line":43,"column":54}},"27":{"start":{"line":48,"column":15},"end":{"line":48,"column":68}},"28":{"start":{"line":49,"column":15},"end":{"line":49,"column":20}},"29":{"start":{"line":50,"column":15},"end":{"line":50,"column":20}},"30":{"start":{"line":52,"column":4},"end":{"line":59,"column":5}},"31":{"start":{"line":52,"column":17},"end":{"line":52,"column":18}},"32":{"start":{"line":53,"column":16},"end":{"line":53,"column":34}},"33":{"start":{"line":54,"column":16},"end":{"line":57,"column":8}},"34":{"start":{"line":58,"column":6},"end":{"line":58,"column":44}},"35":{"start":{"line":61,"column":4},"end":{"line":68,"column":5}},"36":{"start":{"line":61,"column":17},"end":{"line":61,"column":18}},"37":{"start":{"line":62,"column":16},"end":{"line":62,"column":34}},"38":{"start":{"line":63,"column":16},"end":{"line":66,"column":8}},"39":{"start":{"line":67,"column":6},"end":{"line":67,"column":44}},"40":{"start":{"line":70,"column":15},"end":{"line":70,"column":104}},"41":{"start":{"line":71,"column":20},"end":{"line":71,"column":76}},"42":{"start":{"line":72,"column":17},"end":{"line":72,"column":41}},"43":{"start":{"line":73,"column":17},"end":{"line":73,"column":40}},"44":{"start":{"line":74,"column":17},"end":{"line":74,"column":41}},"45":{"start":{"line":75,"column":17},"end":{"line":75,"column":40}},"46":{"start":{"line":76,"column":18},"end":{"line":76,"column":55}},"47":{"start":{"line":77,"column":17},"end":{"line":77,"column":65}},"48":{"start":{"line":78,"column":4},"end":{"line":78,"column":30}},"49":{"start":{"line":80,"column":18},"end":{"line":80,"column":43}},"50":{"start":{"line":81,"column":14},"end":{"line":81,"column":15}},"51":{"start":{"line":82,"column":4},"end":{"line":88,"column":5}},"52":{"start":{"line":82,"column":18},"end":{"line":82,"column":22}},"53":{"start":{"line":83,"column":6},"end":{"line":87,"column":7}},"54":{"start":{"line":83,"column":20},"end":{"line":83,"column":24}},"55":{"start":{"line":84,"column":8},"end":{"line":84,"column":63}},"56":{"start":{"line":85,"column":8},"end":{"line":85,"column":29}},"57":{"start":{"line":86,"column":8},"end":{"line":86,"column":46}},"58":{"start":{"line":89,"column":4},"end":{"line":89,"column":43}},"59":{"start":{"line":90,"column":4},"end":{"line":90,"column":20}},"60":{"start":{"line":94,"column":20},"end":{"line":98,"column":6}},"61":{"start":{"line":99,"column":17},"end":{"line":99,"column":81}},"62":{"start":{"line":100,"column":4},"end":{"line":100,"column":34}},"63":{"start":{"line":101,"column":4},"end":{"line":101,"column":33}},"64":{"start":{"line":102,"column":4},"end":{"line":102,"column":20}},"65":{"start":{"line":105,"column":16},"end":{"line":105,"column":69}},"66":{"start":{"line":106,"column":15},"end":{"line":106,"column":18}},"67":{"start":{"line":107,"column":15},"end":{"line":107,"column":20}},"68":{"start":{"line":108,"column":15},"end":{"line":108,"column":20}},"69":{"start":{"line":109,"column":4},"end":{"line":116,"column":5}},"70":{"start":{"line":109,"column":17},"end":{"line":109,"column":18}},"71":{"start":{"line":110,"column":16},"end":{"line":110,"column":33}},"72":{"start":{"line":111,"column":16},"end":{"line":114,"column":8}},"73":{"start":{"line":115,"column":6},"end":{"line":115,"column":45}},"74":{"start":{"line":120,"column":20},"end":{"line":125,"column":6}},"75":{"start":{"line":127,"column":15},"end":{"line":127,"column":79}},"76":{"start":{"line":128,"column":4},"end":{"line":128,"column":43}},"77":{"start":{"line":129,"column":4},"end":{"line":129,"column":18}},"78":{"start":{"line":131,"column":15},"end":{"line":136,"column":6}},"79":{"start":{"line":137,"column":15},"end":{"line":137,"column":74}},"80":{"start":{"line":138,"column":4},"end":{"line":138,"column":43}},"81":{"start":{"line":139,"column":4},"end":{"line":139,"column":18}},"82":{"start":{"line":141,"column":15},"end":{"line":141,"column":79}},"83":{"start":{"line":142,"column":4},"end":{"line":142,"column":32}},"84":{"start":{"line":143,"column":4},"end":{"line":143,"column":43}},"85":{"start":{"line":144,"column":4},"end":{"line":144,"column":18}},"86":{"start":{"line":146,"column":15},"end":{"line":146,"column":79}},"87":{"start":{"line":147,"column":4},"end":{"line":147,"column":33}},"88":{"start":{"line":148,"column":4},"end":{"line":148,"column":43}},"89":{"start":{"line":149,"column":4},"end":{"line":149,"column":18}},"90":{"start":{"line":153,"column":4},"end":{"line":153,"column":32}},"91":{"start":{"line":153,"column":25},"end":{"line":153,"column":32}},"92":{"start":{"line":155,"column":15},"end":{"line":159,"column":6}},"93":{"start":{"line":160,"column":15},"end":{"line":166,"column":6}},"94":{"start":{"line":168,"column":4},"end":{"line":178,"column":7}},"95":{"start":{"line":169,"column":6},"end":{"line":177,"column":9}},"96":{"start":{"line":170,"column":18},"end":{"line":170,"column":85}},"97":{"start":{"line":171,"column":8},"end":{"line":171,"column":49}},"98":{"start":{"line":172,"column":8},"end":{"line":172,"column":21}},"99":{"start":{"line":174,"column":18},"end":{"line":174,"column":86}},"100":{"start":{"line":175,"column":8},"end":{"line":175,"column":49}},"101":{"start":{"line":176,"column":8},"end":{"line":176,"column":21}},"102":{"start":{"line":182,"column":4},"end":{"line":182,"column":36}},"103":{"start":{"line":182,"column":29},"end":{"line":182,"column":36}},"104":{"start":{"line":184,"column":15},"end":{"line":188,"column":6}},"105":{"start":{"line":190,"column":4},"end":{"line":194,"column":7}},"106":{"start":{"line":191,"column":16},"end":{"line":191,"column":82}},"107":{"start":{"line":192,"column":6},"end":{"line":192,"column":35}},"108":{"start":{"line":193,"column":6},"end":{"line":193,"column":19}},"109":{"start":{"line":196,"column":15},"end":{"line":196,"column":81}},"110":{"start":{"line":197,"column":4},"end":{"line":197,"column":50}},"111":{"start":{"line":198,"column":4},"end":{"line":198,"column":18}},"112":{"start":{"line":202,"column":4},"end":{"line":202,"column":29}},"113":{"start":{"line":202,"column":22},"end":{"line":202,"column":29}},"114":{"start":{"line":204,"column":15},"end":{"line":208,"column":6}},"115":{"start":{"line":209,"column":15},"end":{"line":209,"column":82}},"116":{"start":{"line":210,"column":4},"end":{"line":210,"column":63}},"117":{"start":{"line":211,"column":4},"end":{"line":211,"column":18}},"118":{"start":{"line":215,"column":4},"end":{"line":215,"column":31}},"119":{"start":{"line":215,"column":24},"end":{"line":215,"column":31}},"120":{"start":{"line":217,"column":15},"end":{"line":221,"column":6}},"121":{"start":{"line":223,"column":4},"end":{"line":227,"column":7}},"122":{"start":{"line":224,"column":16},"end":{"line":224,"column":87}},"123":{"start":{"line":225,"column":6},"end":{"line":225,"column":69}},"124":{"start":{"line":226,"column":6},"end":{"line":226,"column":19}},"125":{"start":{"line":231,"column":4},"end":{"line":231,"column":123}},"126":{"start":{"line":233,"column":16},"end":{"line":233,"column":59}},"127":{"start":{"line":234,"column":22},"end":{"line":234,"column":24}},"128":{"start":{"line":235,"column":17},"end":{"line":235,"column":42}},"129":{"start":{"line":236,"column":17},"end":{"line":236,"column":38}},"130":{"start":{"line":238,"column":4},"end":{"line":243,"column":5}},"131":{"start":{"line":238,"column":17},"end":{"line":238,"column":18}},"132":{"start":{"line":239,"column":6},"end":{"line":242,"column":7}},"133":{"start":{"line":239,"column":19},"end":{"line":239,"column":20}},"134":{"start":{"line":240,"column":8},"end":{"line":240,"column":43}},"135":{"start":{"line":240,"column":37},"end":{"line":240,"column":43}},"136":{"start":{"line":241,"column":8},"end":{"line":241,"column":77}},"137":{"start":{"line":245,"column":4},"end":{"line":260,"column":7}},"138":{"start":{"line":246,"column":17},"end":{"line":246,"column":104}},"139":{"start":{"line":247,"column":6},"end":{"line":247,"column":32}},"140":{"start":{"line":248,"column":6},"end":{"line":258,"column":7}},"141":{"start":{"line":249,"column":8},"end":{"line":249,"column":29}},"142":{"start":{"line":250,"column":8},"end":{"line":250,"column":40}},"143":{"start":{"line":251,"column":8},"end":{"line":251,"column":34}},"144":{"start":{"line":252,"column":8},"end":{"line":252,"column":34}},"145":{"start":{"line":253,"column":8},"end":{"line":253,"column":36}},"146":{"start":{"line":254,"column":8},"end":{"line":254,"column":36}},"147":{"start":{"line":255,"column":8},"end":{"line":255,"column":34}},"148":{"start":{"line":256,"column":8},"end":{"line":256,"column":37}},"149":{"start":{"line":257,"column":8},"end":{"line":257,"column":33}},"150":{"start":{"line":259,"column":6},"end":{"line":259,"column":20}},"151":{"start":{"line":262,"column":18},"end":{"line":262,"column":104}},"152":{"start":{"line":263,"column":4},"end":{"line":263,"column":34}},"153":{"start":{"line":264,"column":4},"end":{"line":264,"column":21}},"154":{"start":{"line":266,"column":15},"end":{"line":266,"column":38}},"155":{"start":{"line":267,"column":4},"end":{"line":271,"column":7}},"156":{"start":{"line":268,"column":16},"end":{"line":268,"column":99}},"157":{"start":{"line":269,"column":6},"end":{"line":269,"column":30}},"158":{"start":{"line":270,"column":6},"end":{"line":270,"column":19}},"159":{"start":{"line":273,"column":4},"end":{"line":277,"column":7}},"160":{"start":{"line":274,"column":16},"end":{"line":274,"column":62}},"161":{"start":{"line":275,"column":6},"end":{"line":275,"column":30}},"162":{"start":{"line":276,"column":6},"end":{"line":276,"column":19}},"163":{"start":{"line":279,"column":4},"end":{"line":283,"column":7}},"164":{"start":{"line":280,"column":17},"end":{"line":280,"column":86}},"165":{"start":{"line":281,"column":6},"end":{"line":281,"column":31}},"166":{"start":{"line":282,"column":6},"end":{"line":282,"column":20}},"167":{"start":{"line":285,"column":17},"end":{"line":285,"column":85}},"168":{"start":{"line":286,"column":4},"end":{"line":286,"column":32}},"169":{"start":{"line":287,"column":4},"end":{"line":287,"column":20}}},"fnMap":{"0":{"name":"(anonymous_0)","decl":{"start":{"line":4,"column":2},"end":{"line":4,"column":3}},"loc":{"start":{"line":4,"column":28},"end":{"line":7,"column":3}},"line":4},"1":{"name":"(anonymous_1)","decl":{"start":{"line":9,"column":2},"end":{"line":9,"column":3}},"loc":{"start":{"line":9,"column":57},"end":{"line":28,"column":3}},"line":9},"2":{"name":"(anonymous_2)","decl":{"start":{"line":30,"column":2},"end":{"line":30,"column":3}},"loc":{"start":{"line":30,"column":48},"end":{"line":45,"column":3}},"line":30},"3":{"name":"(anonymous_3)","decl":{"start":{"line":47,"column":2},"end":{"line":47,"column":3}},"loc":{"start":{"line":47,"column":45},"end":{"line":91,"column":3}},"line":47},"4":{"name":"(anonymous_4)","decl":{"start":{"line":93,"column":2},"end":{"line":93,"column":3}},"loc":{"start":{"line":93,"column":44},"end":{"line":117,"column":3}},"line":93},"5":{"name":"(anonymous_5)","decl":{"start":{"line":119,"column":2},"end":{"line":119,"column":3}},"loc":{"start":{"line":119,"column":42},"end":{"line":150,"column":3}},"line":119},"6":{"name":"(anonymous_6)","decl":{"start":{"line":152,"column":2},"end":{"line":152,"column":3}},"loc":{"start":{"line":152,"column":52},"end":{"line":179,"column":3}},"line":152},"7":{"name":"(anonymous_7)","decl":{"start":{"line":168,"column":27},"end":{"line":168,"column":28}},"loc":{"start":{"line":168,"column":32},"end":{"line":178,"column":5}},"line":168},"8":{"name":"(anonymous_8)","decl":{"start":{"line":169,"column":29},"end":{"line":169,"column":30}},"loc":{"start":{"line":169,"column":34},"end":{"line":177,"column":7}},"line":169},"9":{"name":"(anonymous_9)","decl":{"start":{"line":181,"column":2},"end":{"line":181,"column":3}},"loc":{"start":{"line":181,"column":49},"end":{"line":199,"column":3}},"line":181},"10":{"name":"(anonymous_10)","decl":{"start":{"line":190,"column":38},"end":{"line":190,"column":39}},"loc":{"start":{"line":190,"column":43},"end":{"line":194,"column":5}},"line":190},"11":{"name":"(anonymous_11)","decl":{"start":{"line":201,"column":2},"end":{"line":201,"column":3}},"loc":{"start":{"line":201,"column":45},"end":{"line":212,"column":3}},"line":201},"12":{"name":"(anonymous_12)","decl":{"start":{"line":214,"column":2},"end":{"line":214,"column":3}},"loc":{"start":{"line":214,"column":47},"end":{"line":228,"column":3}},"line":214},"13":{"name":"(anonymous_13)","decl":{"start":{"line":223,"column":24},"end":{"line":223,"column":25}},"loc":{"start":{"line":223,"column":34},"end":{"line":227,"column":5}},"line":223},"14":{"name":"(anonymous_14)","decl":{"start":{"line":230,"column":2},"end":{"line":230,"column":3}},"loc":{"start":{"line":230,"column":30},"end":{"line":288,"column":3}},"line":230},"15":{"name":"(anonymous_15)","decl":{"start":{"line":245,"column":22},"end":{"line":245,"column":23}},"loc":{"start":{"line":245,"column":39},"end":{"line":260,"column":5}},"line":245},"16":{"name":"(anonymous_16)","decl":{"start":{"line":267,"column":64},"end":{"line":267,"column":65}},"loc":{"start":{"line":267,"column":82},"end":{"line":271,"column":5}},"line":267},"17":{"name":"(anonymous_17)","decl":{"start":{"line":273,"column":63},"end":{"line":273,"column":64}},"loc":{"start":{"line":273,"column":78},"end":{"line":277,"column":5}},"line":273},"18":{"name":"(anonymous_18)","decl":{"start":{"line":279,"column":53},"end":{"line":279,"column":54}},"loc":{"start":{"line":279,"column":68},"end":{"line":283,"column":5}},"line":279}},"branchMap":{"0":{"loc":{"start":{"line":42,"column":4},"end":{"line":44,"column":5}},"type":"if","locations":[{"start":{"line":42,"column":4},"end":{"line":44,"column":5}},{"start":{},"end":{}}],"line":42},"1":{"loc":{"start":{"line":153,"column":4},"end":{"line":153,"column":32}},"type":"if","locations":[{"start":{"line":153,"column":4},"end":{"line":153,"column":32}},{"start":{},"end":{}}],"line":153},"2":{"loc":{"start":{"line":158,"column":25},"end":{"line":158,"column":47}},"type":"binary-expr","locations":[{"start":{"line":158,"column":25},"end":{"line":158,"column":41}},{"start":{"line":158,"column":45},"end":{"line":158,"column":47}}],"line":158},"3":{"loc":{"start":{"line":182,"column":4},"end":{"line":182,"column":36}},"type":"if","locations":[{"start":{"line":182,"column":4},"end":{"line":182,"column":36}},{"start":{},"end":{}}],"line":182},"4":{"loc":{"start":{"line":185,"column":13},"end":{"line":185,"column":42}},"type":"binary-expr","locations":[{"start":{"line":185,"column":13},"end":{"line":185,"column":30}},{"start":{"line":185,"column":34},"end":{"line":185,"column":42}}],"line":185},"5":{"loc":{"start":{"line":186,"column":37},"end":{"line":186,"column":66}},"type":"binary-expr","locations":[{"start":{"line":186,"column":37},"end":{"line":186,"column":54}},{"start":{"line":186,"column":58},"end":{"line":186,"column":66}}],"line":186},"6":{"loc":{"start":{"line":202,"column":4},"end":{"line":202,"column":29}},"type":"if","locations":[{"start":{"line":202,"column":4},"end":{"line":202,"column":29}},{"start":{},"end":{}}],"line":202},"7":{"loc":{"start":{"line":215,"column":4},"end":{"line":215,"column":31}},"type":"if","locations":[{"start":{"line":215,"column":4},"end":{"line":215,"column":31}},{"start":{},"end":{}}],"line":215},"8":{"loc":{"start":{"line":225,"column":45},"end":{"line":225,"column":55}},"type":"cond-expr","locations":[{"start":{"line":225,"column":49},"end":{"line":225,"column":51}},{"start":{"line":225,"column":54},"end":{"line":225,"column":55}}],"line":225},"9":{"loc":{"start":{"line":231,"column":42},"end":{"line":231,"column":76}},"type":"binary-expr","locations":[{"start":{"line":231,"column":42},"end":{"line":231,"column":57}},{"start":{"line":231,"column":61},"end":{"line":231,"column":76}}],"line":231},"10":{"loc":{"start":{"line":231,"column":78},"end":{"line":231,"column":120}},"type":"binary-expr","locations":[{"start":{"line":231,"column":78},"end":{"line":231,"column":97}},{"start":{"line":231,"column":101},"end":{"line":231,"column":120}}],"line":231},"11":{"loc":{"start":{"line":240,"column":8},"end":{"line":240,"column":43}},"type":"if","locations":[{"start":{"line":240,"column":8},"end":{"line":240,"column":43}},{"start":{},"end":{}}],"line":240},"12":{"loc":{"start":{"line":246,"column":59},"end":{"line":246,"column":103}},"type":"binary-expr","locations":[{"start":{"line":246,"column":59},"end":{"line":246,"column":79}},{"start":{"line":246,"column":83},"end":{"line":246,"column":103}}],"line":246},"13":{"loc":{"start":{"line":248,"column":6},"end":{"line":258,"column":7}},"type":"if","locations":[{"start":{"line":248,"column":6},"end":{"line":258,"column":7}},{"start":{},"end":{}}],"line":248},"14":{"loc":{"start":{"line":248,"column":10},"end":{"line":248,"column":31}},"type":"binary-expr","locations":[{"start":{"line":248,"column":10},"end":{"line":248,"column":20}},{"start":{"line":248,"column":24},"end":{"line":248,"column":31}}],"line":248},"15":{"loc":{"start":{"line":262,"column":60},"end":{"line":262,"column":103}},"type":"binary-expr","locations":[{"start":{"line":262,"column":60},"end":{"line":262,"column":77}},{"start":{"line":262,"column":81},"end":{"line":262,"column":103}}],"line":262},"16":{"loc":{"start":{"line":266,"column":15},"end":{"line":266,"column":38}},"type":"binary-expr","locations":[{"start":{"line":266,"column":15},"end":{"line":266,"column":31}},{"start":{"line":266,"column":35},"end":{"line":266,"column":38}}],"line":266},"17":{"loc":{"start":{"line":268,"column":48},"end":{"line":268,"column":75}},"type":"cond-expr","locations":[{"start":{"line":268,"column":56},"end":{"line":268,"column":64}},{"start":{"line":268,"column":67},"end":{"line":268,"column":75}}],"line":268},"18":{"loc":{"start":{"line":268,"column":77},"end":{"line":268,"column":98}},"type":"cond-expr","locations":[{"start":{"line":268,"column":87},"end":{"line":268,"column":93}},{"start":{"line":268,"column":96},"end":{"line":268,"column":98}}],"line":268},"19":{"loc":{"start":{"line":280,"column":53},"end":{"line":280,"column":81}},"type":"binary-expr","locations":[{"start":{"line":280,"column":53},"end":{"line":280,"column":74}},{"start":{"line":280,"column":78},"end":{"line":280,"column":81}}],"line":280},"20":{"loc":{"start":{"line":285,"column":53},"end":{"line":285,"column":80}},"type":"binary-expr","locations":[{"start":{"line":285,"column":53},"end":{"line":285,"column":73}},{"start":{"line":285,"column":77},"end":{"line":285,"column":80}}],"line":285}},"s":{"0":0,"1":0,"2":0,"3":0,"4":0,"5":0,"6":0,"7":0,"8":0,"9":0,"10":0,"11":0,"12":0,"13":0,"14":0,"15":0,"16":0,"17":0,"18":0,"19":0,"20":0,"21":0,"22":0,"23":0,"24":0,"25":0,"26":0,"27":0,"28":0,"29":0,"30":0,"31":0,"32":0,"33":0,"34":0,"35":0,"36":0,"37":0,"38":0,"39":0,"40":0,"41":0,"42":0,"43":0,"44":0,"45":0,"46":0,"47":0,"48":0,"49":0,"50":0,"51":0,"52":0,"53":0,"54":0,"55":0,"56":0,"57":0,"58":0,"59":0,"60":0,"61":0,"62":0,"63":0,"64":0,"65":0,"66":0,"67":0,"68":0,"69":0,"70":0,"71":0,"72":0,"73":0,"74":0,"75":0,"76":0,"77":0,"78":0,"79":0,"80":0,"81":0,"82":0,"83":0,"84":0,"85":0,"86":0,"87":0,"88":0,"89":0,"90":0,"91":0,"92":0,"93":0,"94":0,"95":0,"96":0,"97":0,"98":0,"99":0,"100":0,"101":0,"102":0,"103":0,"104":0,"105":0,"106":0,"107":0,"108":0,"109":0,"110":0,"111":0,"112":0,"113":0,"114":0,"115":0,"116":0,"117":0,"118":0,"119":0,"120":0,"121":0,"122":0,"123":0,"124":0,"125":0,"126":0,"127":0,"128":0,"129":0,"130":0,"131":0,"132":0,"133":0,"134":0,"135":0,"136":0,"137":0,"138":0,"139":0,"140":0,"141":0,"142":0,"143":0,"144":0,"145":0,"146":0,"147":0,"148":0,"149":0,"150":0,"151":0,"152":0,"153":0,"154":0,"155":0,"156":0,"157":0,"158":0,"159":0,"160":0,"161":0,"162":0,"163":0,"164":0,"165":0,"166":0,"167":0,"168":0,"169":0},"f":{"0":0,"1":0,"2":0,"3":0,"4":0,"5":0,"6":0,"7":0,"8":0,"9":0,"10":0,"11":0,"12":0,"13":0,"14":0,"15":0,"16":0,"17":0,"18":0},"b":{"0":[0,0],"1":[0,0],"2":[0,0],"3":[0,0],"4":[0,0],"5":[0,0],"6":[0,0],"7":[0,0],"8":[0,0],"9":[0,0],"10":[0,0],"11":[0,0],"12":[0,0],"13":[0,0],"14":[0,0],"15":[0,0],"16":[0,0],"17":[0,0],"18":[0,0],"19":[0,0],"20":[0,0]}}
,"/home/hasib/my-app/rack3d-npm/rack3d-visualizer-1.0.0/package/src/builders/RackBuilder.js": {"path":"/home/hasib/my-app/rack3d-npm/rack3d-visualizer-1.0.0/package/src/builders/RackBuilder.js","statementMap":{"0":{"start":{"line":5,"column":4},"end":{"line":5,"column":23}},"1":{"start":{"line":6,"column":4},"end":{"line":6,"column":23}},"2":{"start":{"line":7,"column":4},"end":{"line":7,"column":43}},"3":{"start":{"line":11,"column":15},"end":{"line":11,"column":37}},"4":{"start":{"line":12,"column":15},"end":{"line":12,"column":32}},"5":{"start":{"line":13,"column":15},"end":{"line":13,"column":32}},"6":{"start":{"line":14,"column":17},"end":{"line":14,"column":37}},"7":{"start":{"line":15,"column":14},"end":{"line":15,"column":43}},"8":{"start":{"line":16,"column":15},"end":{"line":16,"column":20}},"9":{"start":{"line":17,"column":15},"end":{"line":17,"column":21}},"10":{"start":{"line":18,"column":15},"end":{"line":18,"column":21}},"11":{"start":{"line":20,"column":23},"end":{"line":20,"column":59}},"12":{"start":{"line":21,"column":19},"end":{"line":21,"column":40}},"13":{"start":{"line":22,"column":23},"end":{"line":24,"column":28}},"14":{"start":{"line":26,"column":21},"end":{"line":26,"column":73}},"15":{"start":{"line":29,"column":4},"end":{"line":38,"column":7}},"16":{"start":{"line":30,"column":18},"end":{"line":30,"column":59}},"17":{"start":{"line":31,"column":19},"end":{"line":31,"column":53}},"18":{"start":{"line":32,"column":6},"end":{"line":32,"column":33}},"19":{"start":{"line":33,"column":6},"end":{"line":33,"column":37}},"20":{"start":{"line":34,"column":6},"end":{"line":34,"column":29}},"21":{"start":{"line":35,"column":6},"end":{"line":35,"column":32}},"22":{"start":{"line":36,"column":6},"end":{"line":36,"column":72}},"23":{"start":{"line":37,"column":6},"end":{"line":37,"column":22}},"24":{"start":{"line":41,"column":4},"end":{"line":57,"column":7}},"25":{"start":{"line":42,"column":24},"end":{"line":47,"column":7}},"26":{"start":{"line":48,"column":6},"end":{"line":56,"column":9}},"27":{"start":{"line":49,"column":21},"end":{"line":49,"column":55}},"28":{"start":{"line":50,"column":8},"end":{"line":50,"column":35}},"29":{"start":{"line":51,"column":8},"end":{"line":51,"column":39}},"30":{"start":{"line":52,"column":8},"end":{"line":52,"column":31}},"31":{"start":{"line":53,"column":8},"end":{"line":53,"column":34}},"32":{"start":{"line":54,"column":8},"end":{"line":54,"column":38}},"33":{"start":{"line":55,"column":8},"end":{"line":55,"column":24}},"34":{"start":{"line":60,"column":4},"end":{"line":83,"column":5}},"35":{"start":{"line":60,"column":17},"end":{"line":60,"column":18}},"36":{"start":{"line":61,"column":16},"end":{"line":61,"column":28}},"37":{"start":{"line":62,"column":22},"end":{"line":62,"column":83}},"38":{"start":{"line":63,"column":6},"end":{"line":72,"column":9}},"39":{"start":{"line":64,"column":20},"end":{"line":64,"column":61}},"40":{"start":{"line":65,"column":21},"end":{"line":65,"column":54}},"41":{"start":{"line":66,"column":8},"end":{"line":66,"column":35}},"42":{"start":{"line":67,"column":8},"end":{"line":67,"column":39}},"43":{"start":{"line":68,"column":8},"end":{"line":68,"column":31}},"44":{"start":{"line":69,"column":8},"end":{"line":69,"column":34}},"45":{"start":{"line":70,"column":8},"end":{"line":70,"column":35}},"46":{"start":{"line":71,"column":8},"end":{"line":71,"column":24}},"47":{"start":{"line":73,"column":6},"end":{"line":82,"column":9}},"48":{"start":{"line":74,"column":20},"end":{"line":74,"column":61}},"49":{"start":{"line":75,"column":21},"end":{"line":75,"column":54}},"50":{"start":{"line":76,"column":8},"end":{"line":76,"column":35}},"51":{"start":{"line":77,"column":8},"end":{"line":77,"column":39}},"52":{"start":{"line":78,"column":8},"end":{"line":78,"column":31}},"53":{"start":{"line":79,"column":8},"end":{"line":79,"column":34}},"54":{"start":{"line":80,"column":8},"end":{"line":80,"column":35}},"55":{"start":{"line":81,"column":8},"end":{"line":81,"column":24}},"56":{"start":{"line":86,"column":20},"end":{"line":86,"column":81}},"57":{"start":{"line":87,"column":19},"end":{"line":91,"column":6}},"58":{"start":{"line":93,"column":4},"end":{"line":125,"column":5}},"59":{"start":{"line":93,"column":17},"end":{"line":93,"column":18}},"60":{"start":{"line":94,"column":16},"end":{"line":94,"column":28}},"61":{"start":{"line":95,"column":6},"end":{"line":111,"column":9}},"62":{"start":{"line":96,"column":21},"end":{"line":96,"column":96}},"63":{"start":{"line":97,"column":8},"end":{"line":97,"column":34}},"64":{"start":{"line":98,"column":8},"end":{"line":98,"column":39}},"65":{"start":{"line":99,"column":8},"end":{"line":99,"column":31}},"66":{"start":{"line":100,"column":8},"end":{"line":100,"column":34}},"67":{"start":{"line":101,"column":8},"end":{"line":101,"column":43}},"68":{"start":{"line":102,"column":8},"end":{"line":102,"column":24}},"69":{"start":{"line":104,"column":22},"end":{"line":104,"column":97}},"70":{"start":{"line":105,"column":8},"end":{"line":105,"column":35}},"71":{"start":{"line":106,"column":8},"end":{"line":106,"column":40}},"72":{"start":{"line":107,"column":8},"end":{"line":107,"column":32}},"73":{"start":{"line":108,"column":8},"end":{"line":108,"column":35}},"74":{"start":{"line":109,"column":8},"end":{"line":109,"column":43}},"75":{"start":{"line":110,"column":8},"end":{"line":110,"column":25}},"76":{"start":{"line":113,"column":6},"end":{"line":124,"column":7}},"77":{"start":{"line":114,"column":8},"end":{"line":123,"column":11}},"78":{"start":{"line":115,"column":22},"end":{"line":115,"column":105}},"79":{"start":{"line":116,"column":10},"end":{"line":116,"column":34}},"80":{"start":{"line":117,"column":10},"end":{"line":117,"column":40}},"81":{"start":{"line":118,"column":10},"end":{"line":118,"column":32}},"82":{"start":{"line":119,"column":10},"end":{"line":119,"column":35}},"83":{"start":{"line":120,"column":10},"end":{"line":120,"column":39}},"84":{"start":{"line":121,"column":10},"end":{"line":121,"column":56}},"85":{"start":{"line":122,"column":10},"end":{"line":122,"column":25}},"86":{"start":{"line":128,"column":4},"end":{"line":145,"column":5}},"87":{"start":{"line":129,"column":23},"end":{"line":135,"column":8}},"88":{"start":{"line":136,"column":6},"end":{"line":144,"column":9}},"89":{"start":{"line":137,"column":22},"end":{"line":137,"column":109}},"90":{"start":{"line":138,"column":8},"end":{"line":138,"column":36}},"91":{"start":{"line":139,"column":8},"end":{"line":139,"column":40}},"92":{"start":{"line":140,"column":8},"end":{"line":140,"column":32}},"93":{"start":{"line":141,"column":8},"end":{"line":141,"column":35}},"94":{"start":{"line":142,"column":8},"end":{"line":142,"column":51}},"95":{"start":{"line":143,"column":8},"end":{"line":143,"column":25}},"96":{"start":{"line":148,"column":4},"end":{"line":161,"column":5}},"97":{"start":{"line":149,"column":22},"end":{"line":153,"column":8}},"98":{"start":{"line":154,"column":24},"end":{"line":154,"column":110}},"99":{"start":{"line":155,"column":6},"end":{"line":155,"column":38}},"100":{"start":{"line":156,"column":6},"end":{"line":156,"column":42}},"101":{"start":{"line":157,"column":6},"end":{"line":157,"column":34}},"102":{"start":{"line":158,"column":6},"end":{"line":158,"column":37}},"103":{"start":{"line":159,"column":6},"end":{"line":159,"column":47}},"104":{"start":{"line":160,"column":6},"end":{"line":160,"column":27}},"105":{"start":{"line":164,"column":4},"end":{"line":179,"column":5}},"106":{"start":{"line":165,"column":27},"end":{"line":171,"column":8}},"107":{"start":{"line":172,"column":24},"end":{"line":172,"column":112}},"108":{"start":{"line":173,"column":6},"end":{"line":173,"column":42}},"109":{"start":{"line":174,"column":6},"end":{"line":174,"column":42}},"110":{"start":{"line":175,"column":6},"end":{"line":175,"column":34}},"111":{"start":{"line":176,"column":6},"end":{"line":176,"column":37}},"112":{"start":{"line":177,"column":6},"end":{"line":177,"column":53}},"113":{"start":{"line":178,"column":6},"end":{"line":178,"column":27}},"114":{"start":{"line":181,"column":4},"end":{"line":181,"column":74}},"115":{"start":{"line":182,"column":4},"end":{"line":182,"column":17}},"116":{"start":{"line":186,"column":19},"end":{"line":186,"column":51}},"117":{"start":{"line":187,"column":4},"end":{"line":187,"column":23}},"118":{"start":{"line":188,"column":4},"end":{"line":188,"column":24}},"119":{"start":{"line":189,"column":16},"end":{"line":189,"column":39}},"120":{"start":{"line":191,"column":4},"end":{"line":191,"column":78}},"121":{"start":{"line":192,"column":4},"end":{"line":192,"column":20}},"122":{"start":{"line":193,"column":4},"end":{"line":193,"column":38}},"123":{"start":{"line":194,"column":4},"end":{"line":194,"column":15}},"124":{"start":{"line":195,"column":4},"end":{"line":195,"column":57}},"125":{"start":{"line":196,"column":4},"end":{"line":196,"column":39}},"126":{"start":{"line":197,"column":4},"end":{"line":197,"column":17}},"127":{"start":{"line":199,"column":4},"end":{"line":199,"column":55}},"128":{"start":{"line":200,"column":4},"end":{"line":200,"column":51}},"129":{"start":{"line":201,"column":4},"end":{"line":201,"column":29}},"130":{"start":{"line":202,"column":4},"end":{"line":202,"column":32}},"131":{"start":{"line":203,"column":4},"end":{"line":203,"column":48}},"132":{"start":{"line":205,"column":16},"end":{"line":205,"column":52}},"133":{"start":{"line":206,"column":16},"end":{"line":211,"column":6}},"134":{"start":{"line":212,"column":19},"end":{"line":212,"column":43}},"135":{"start":{"line":213,"column":19},"end":{"line":213,"column":39}},"136":{"start":{"line":214,"column":17},"end":{"line":214,"column":87}},"137":{"start":{"line":215,"column":4},"end":{"line":215,"column":35}},"138":{"start":{"line":216,"column":4},"end":{"line":216,"column":35}},"139":{"start":{"line":217,"column":4},"end":{"line":217,"column":61}},"140":{"start":{"line":218,"column":4},"end":{"line":218,"column":30}},"141":{"start":{"line":219,"column":4},"end":{"line":219,"column":20}}},"fnMap":{"0":{"name":"(anonymous_0)","decl":{"start":{"line":4,"column":2},"end":{"line":4,"column":3}},"loc":{"start":{"line":4,"column":45},"end":{"line":8,"column":3}},"line":4},"1":{"name":"(anonymous_1)","decl":{"start":{"line":10,"column":2},"end":{"line":10,"column":3}},"loc":{"start":{"line":10,"column":45},"end":{"line":183,"column":3}},"line":10},"2":{"name":"(anonymous_2)","decl":{"start":{"line":29,"column":49},"end":{"line":29,"column":50}},"loc":{"start":{"line":29,"column":63},"end":{"line":38,"column":5}},"line":29},"3":{"name":"(anonymous_3)","decl":{"start":{"line":41,"column":29},"end":{"line":41,"column":30}},"loc":{"start":{"line":41,"column":34},"end":{"line":57,"column":5}},"line":41},"4":{"name":"(anonymous_4)","decl":{"start":{"line":48,"column":24},"end":{"line":48,"column":25}},"loc":{"start":{"line":48,"column":51},"end":{"line":56,"column":7}},"line":48},"5":{"name":"(anonymous_5)","decl":{"start":{"line":63,"column":38},"end":{"line":63,"column":39}},"loc":{"start":{"line":63,"column":43},"end":{"line":72,"column":7}},"line":63},"6":{"name":"(anonymous_6)","decl":{"start":{"line":73,"column":38},"end":{"line":73,"column":39}},"loc":{"start":{"line":73,"column":43},"end":{"line":82,"column":7}},"line":73},"7":{"name":"(anonymous_7)","decl":{"start":{"line":95,"column":38},"end":{"line":95,"column":39}},"loc":{"start":{"line":95,"column":43},"end":{"line":111,"column":7}},"line":95},"8":{"name":"(anonymous_8)","decl":{"start":{"line":114,"column":40},"end":{"line":114,"column":41}},"loc":{"start":{"line":114,"column":45},"end":{"line":123,"column":9}},"line":114},"9":{"name":"(anonymous_9)","decl":{"start":{"line":136,"column":22},"end":{"line":136,"column":23}},"loc":{"start":{"line":136,"column":27},"end":{"line":144,"column":7}},"line":136},"10":{"name":"(anonymous_10)","decl":{"start":{"line":185,"column":2},"end":{"line":185,"column":3}},"loc":{"start":{"line":185,"column":67},"end":{"line":220,"column":3}},"line":185}},"branchMap":{"0":{"loc":{"start":{"line":15,"column":15},"end":{"line":15,"column":31}},"type":"binary-expr","locations":[{"start":{"line":15,"column":15},"end":{"line":15,"column":25}},{"start":{"line":15,"column":29},"end":{"line":15,"column":31}}],"line":15},"1":{"loc":{"start":{"line":21,"column":19},"end":{"line":21,"column":40}},"type":"cond-expr","locations":[{"start":{"line":21,"column":32},"end":{"line":21,"column":36}},{"start":{"line":21,"column":39},"end":{"line":21,"column":40}}],"line":21},"2":{"loc":{"start":{"line":22,"column":23},"end":{"line":24,"column":28}},"type":"cond-expr","locations":[{"start":{"line":23,"column":8},"end":{"line":23,"column":104}},{"start":{"line":24,"column":8},"end":{"line":24,"column":28}}],"line":22},"3":{"loc":{"start":{"line":113,"column":6},"end":{"line":124,"column":7}},"type":"if","locations":[{"start":{"line":113,"column":6},"end":{"line":124,"column":7}},{"start":{},"end":{}}],"line":113},"4":{"loc":{"start":{"line":128,"column":4},"end":{"line":145,"column":5}},"type":"if","locations":[{"start":{"line":128,"column":4},"end":{"line":145,"column":5}},{"start":{},"end":{}}],"line":128},"5":{"loc":{"start":{"line":148,"column":4},"end":{"line":161,"column":5}},"type":"if","locations":[{"start":{"line":148,"column":4},"end":{"line":161,"column":5}},{"start":{},"end":{}}],"line":148},"6":{"loc":{"start":{"line":164,"column":4},"end":{"line":179,"column":5}},"type":"if","locations":[{"start":{"line":164,"column":4},"end":{"line":179,"column":5}},{"start":{},"end":{}}],"line":164},"7":{"loc":{"start":{"line":191,"column":20},"end":{"line":191,"column":77}},"type":"cond-expr","locations":[{"start":{"line":191,"column":33},"end":{"line":191,"column":54}},{"start":{"line":191,"column":57},"end":{"line":191,"column":77}}],"line":191},"8":{"loc":{"start":{"line":195,"column":22},"end":{"line":195,"column":56}},"type":"cond-expr","locations":[{"start":{"line":195,"column":35},"end":{"line":195,"column":44}},{"start":{"line":195,"column":47},"end":{"line":195,"column":56}}],"line":195},"9":{"loc":{"start":{"line":196,"column":20},"end":{"line":196,"column":38}},"type":"cond-expr","locations":[{"start":{"line":196,"column":33},"end":{"line":196,"column":34}},{"start":{"line":196,"column":37},"end":{"line":196,"column":38}}],"line":196},"10":{"loc":{"start":{"line":199,"column":20},"end":{"line":199,"column":54}},"type":"cond-expr","locations":[{"start":{"line":199,"column":33},"end":{"line":199,"column":42}},{"start":{"line":199,"column":45},"end":{"line":199,"column":54}}],"line":199},"11":{"loc":{"start":{"line":203,"column":17},"end":{"line":203,"column":37}},"type":"binary-expr","locations":[{"start":{"line":203,"column":17},"end":{"line":203,"column":26}},{"start":{"line":203,"column":30},"end":{"line":203,"column":37}}],"line":203}},"s":{"0":0,"1":0,"2":0,"3":0,"4":0,"5":0,"6":0,"7":0,"8":0,"9":0,"10":0,"11":0,"12":0,"13":0,"14":0,"15":0,"16":0,"17":0,"18":0,"19":0,"20":0,"21":0,"22":0,"23":0,"24":0,"25":0,"26":0,"27":0,"28":0,"29":0,"30":0,"31":0,"32":0,"33":0,"34":0,"35":0,"36":0,"37":0,"38":0,"39":0,"40":0,"41":0,"42":0,"43":0,"44":0,"45":0,"46":0,"47":0,"48":0,"49":0,"50":0,"51":0,"52":0,"53":0,"54":0,"55":0,"56":0,"57":0,"58":0,"59":0,"60":0,"61":0,"62":0,"63":0,"64":0,"65":0,"66":0,"67":0,"68":0,"69":0,"70":0,"71":0,"72":0,"73":0,"74":0,"75":0,"76":0,"77":0,"78":0,"79":0,"80":0,"81":0,"82":0,"83":0,"84":0,"85":0,"86":0,"87":0,"88":0,"89":0,"90":0,"91":0,"92":0,"93":0,"94":0,"95":0,"96":0,"97":0,"98":0,"99":0,"100":0,"101":0,"102":0,"103":0,"104":0,"105":0,"106":0,"107":0,"108":0,"109":0,"110":0,"111":0,"112":0,"113":0,"114":0,"115":0,"116":0,"117":0,"118":0,"119":0,"120":0,"121":0,"122":0,"123":0,"124":0,"125":0,"126":0,"127":0,"128":0,"129":0,"130":0,"131":0,"132":0,"133":0,"134":0,"135":0,"136":0,"137":0,"138":0,"139":0,"140":0,"141":0},"f":{"0":0,"1":0,"2":0,"3":0,"4":0,"5":0,"6":0,"7":0,"8":0,"9
[...]
:{"line":101,"column":2},"end":{"line":101,"column":3}},"loc":{"start":{"line":101,"column":27},"end":{"line":113,"column":3}},"line":101},"10":{"name":"(anonymous_10)","decl":{"start":{"line":115,"column":2},"end":{"line":115,"column":3}},"loc":{"start":{"line":115,"column":12},"end":{"line":121,"column":3}},"line":115},"11":{"name":"(anonymous_11)","decl":{"start":{"line":116,"column":23},"end":{"line":116,"column":24}},"loc":{"start":{"line":116,"column":35},"end":{"line":119,"column":5}},"line":116}},"branchMap":{"0":{"loc":{"start":{"line":4,"column":21},"end":{"line":4,"column":31}},"type":"default-arg","locations":[{"start":{"line":4,"column":29},"end":{"line":4,"column":31}}],"line":4},"1":{"loc":{"start":{"line":26,"column":4},"end":{"line":26,"column":56}},"type":"if","locations":[{"start":{"line":26,"column":4},"end":{"line":26,"column":56}},{"start":{},"end":{}}],"line":26},"2":{"loc":{"start":{"line":39,"column":40},"end":{"line":39,"column":58}},"type":"default-arg","locations":[{"start":{"line":39,"column":53},"end":{"line":39,"column":58}}],"line":39},"3":{"loc":{"start":{"line":41,"column":4},"end":{"line":41,"column":56}},"type":"if","locations":[{"start":{"line":41,"column":4},"end":{"line":41,"column":56}},{"start":{},"end":{}}],"line":41},"4":{"loc":{"start":{"line":54,"column":61},"end":{"line":54,"column":79}},"type":"default-arg","locations":[{"start":{"line":54,"column":74},"end":{"line":54,"column":79}}],"line":54},"5":{"loc":{"start":{"line":56,"column":4},"end":{"line":56,"column":56}},"type":"if","locations":[{"start":{"line":56,"column":4},"end":{"line":56,"column":56}},{"start":{},"end":{}}],"line":56},"6":{"loc":{"start":{"line":64,"column":25},"end":{"line":64,"column":48}},"type":"cond-expr","locations":[{"start":{"line":64,"column":38},"end":{"line":64,"column":41}},{"start":{"line":64,"column":44},"end":{"line":64,"column":48}}],"line":64},"7":{"loc":{"start":{"line":73,"column":4},"end":{"line":73,"column":56}},"type":"if","locations":[{"start":{"line":73,"column":4},"end":{"line":73,"column":56}},{"start":{},"end":{}}],"line":73},"8":{"loc":{"start":{"line":88,"column":4},"end":{"line":88,"column":56}},"type":"if","locations":[{"start":{"line":88,"column":4},"end":{"line":88,"column":56}},{"start":{},"end":{}}],"line":88},"9":{"loc":{"start":{"line":103,"column":4},"end":{"line":103,"column":56}},"type":"if","locations":[{"start":{"line":103,"column":4},"end":{"line":103,"column":56}},{"start":{},"end":{}}],"line":103},"10":{"loc":{"start":{"line":117,"column":6},"end":{"line":117,"column":47}},"type":"if","locations":[{"start":{"line":117,"column":6},"end":{"line":117,"column":47}},{"start":{},"end":{}}],"line":117}},"s":{"0":0,"1":0,"2":0,"3":0,"4":0,"5":0,"6":0,"7":0,"8":0,"9":0,"10":0,"11":0,"12":0,"13":0,"14":0,"15":0,"16":0,"17":0,"18":0,"19":0,"20":0,"21":0,"22":0,"23":0,"24":0,"25":0,"26":0,"27":0,"28":0,"29":0,"30":0,"31":0,"32":0,"33":0,"34":0,"35":0,"36":0,"37":0,"38":0,"39":0,"40":0,"41":0,"42":0,"43":0,"44":0,"45":0,"46":0,"47":0,"48":0,"49":0},"f":{"0":0,"1":0,"2":0,"3":0,"4":0,"5":0,"6":0,"7":0,"8":0,"9":0,"10":0,"11":0},"b":{"0":[0],"1":[0,0],"2":[0],"3":[0,0],"4":[0],"5":[0,0],"6":[0,0],"7":[0,0],"8":[0,0],"9":[0,0],"10":[0,0]},"_coverageSchema":"1a1c01bbd47fc00a2c39e90264f33305004495a9","hash":"98fadd1323ea62267b34638d5c62310c86e2ded3"}
,"/home/hasib/my-app/rack3d-npm/rack3d-visualizer-1.0.0/package/src/services/RenderEngine.js": {"path":"/home/hasib/my-app/rack3d-npm/rack3d-visualizer-1.0.0/package/src/services/RenderEngine.js","statementMap":{"0":{"start":{"line":5,"column":4},"end":{"line":5,"column":29}},"1":{"start":{"line":6,"column":4},"end":{"line":6,"column":23}},"2":{"start":{"line":7,"column":4},"end":{"line":7,"column":25}},"3":{"start":{"line":8,"column":4},"end":{"line":8,"column":25}},"4":{"start":{"line":9,"column":4},"end":{"line":9,"column":22}},"5":{"start":{"line":10,"column":4},"end":{"line":10,"column":29}},"6":{"start":{"line":11,"column":4},"end":{"line":11,"column":31}},"7":{"start":{"line":12,"column":4},"end":{"line":12,"column":23}},"8":{"start":{"line":13,"column":4},"end":{"line":13,"column":27}},"9":{"start":{"line":14,"column":4},"end":{"line":14,"column":23}},"10":{"start":{"line":15,"column":4},"end":{"line":15,"column":24}},"11":{"start":{"line":19,"column":4},"end":{"line":19,"column":39}},"12":{"start":{"line":23,"column":4},"end":{"line":23,"column":22}},"13":{"start":{"line":24,"column":4},"end":{"line":24,"column":23}},"14":{"start":{"line":25,"column":4},"end":{"line":25,"column":24}},"15":{"start":{"line":29,"column":4},"end":{"line":29,"column":22}},"16":{"start":{"line":33,"column":4},"end":{"line":33,"column":23}},"17":{"start":{"line":37,"column":4},"end":{"line":37,"column":24}},"18":{"start":{"line":38,"column":4},"end":{"line":38,"column":19}},"19":{"start":{"line":42,"column":4},"end":{"line":42,"column":25}},"20":{"start":{"line":45,"column":12},"end":{"line":75,"column":3}},"21":{"start":{"line":46,"column":4},"end":{"line":46,"column":30}},"22":{"start":{"line":46,"column":23},"end":{"line":46,"column":30}},"23":{"start":{"line":47,"column":4},"end":{"line":47,"column":40}},"24":{"start":{"line":49,"column":16},"end":{"line":49,"column":33}},"25":{"start":{"line":50,"column":22},"end":{"line":50,"column":55}},"26":{"start":{"line":51,"column":24},"end":{"line":51,"column":67}},"27":{"start":{"line":53,"column":4},"end":{"line":55,"column":5}},"28":{"start":{"line":54,"column":6},"end":{"line":54,"column":13}},"29":{"start":{"line":57,"column":4},"end":{"line":57,"column":29}},"30":{"start":{"line":60,"column":4},"end":{"line":60,"column":39}},"31":{"start":{"line":61,"column":4},"end":{"line":65,"column":5}},"32":{"start":{"line":62,"column":6},"end":{"line":62,"column":25}},"33":{"start":{"line":63,"column":11},"end":{"line":65,"column":5}},"34":{"start":{"line":64,"column":6},"end":{"line":64,"column":26}},"35":{"start":{"line":68,"column":4},"end":{"line":68,"column":53}},"36":{"start":{"line":68,"column":38},"end":{"line":68,"column":51}},"37":{"start":{"line":71,"column":4},"end":{"line":71,"column":50}},"38":{"start":{"line":74,"column":4},"end":{"line":74,"column":23}}},"fnMap":{"0":{"name":"(anonymous_0)","decl":{"start":{"line":4,"column":2},"end":{"line":4,"column":3}},"loc":{"start":{"line":4,"column":39},"end":{"line":16,"column":3}},"line":4},"1":{"name":"(anonymous_1)","decl":{"start":{"line":18,"column":2},"end":{"line":18,"column":3}},"loc":{"start":{"line":18,"column":20},"end":{"line":20,"column":3}},"line":18},"2":{"name":"(anonymous_2)","decl":{"start":{"line":22,"column":2},"end":{"line":22,"column":3}},"loc":{"start":{"line":22,"column":13},"end":{"line":26,"column":3}},"line":22},"3":{"name":"(anonymous_3)","decl":{"start":{"line":28,"column":2},"end":{"line":28,"column":3}},"loc":{"start":{"line":28,"column":12},"end":{"line":30,"column":3}},"line":28},"4":{"name":"(anonymous_4)","decl":{"start":{"line":32,"column":2},"end":{"line":32,"column":3}},"loc":{"start":{"line":32,"column":15},"end":{"line":34,"column":3}},"line":32},"5":{"name":"(anonymous_5)","decl":{"start":{"line":36,"column":2},"end":{"line":36,"column":3}},"loc":{"start":{"line":36,"column":10},"end":{"line":39,"column":3}},"line":36},"6":{"name":"(anonymous_6)","decl":{"start":{"line":41,"column":2},"end":{"line":41,"column":3}},"loc":{"start":{"line":41,"column":9},"end":{"line":43,"column":3}},"line":41},"7":{"name":"(anonymous_7)","decl":{"start":{"line":45,"column":12},"end":{"line":45,"column":13}},"loc":{"start":{"line":45,"column":18},"end":{"line":75,"column":3}},"line":45},"8":{"name":"(anonymous_8)","decl":{"start":{"line":68,"column":32},"end":{"line":68,"column":33}},"loc":{"start":{"line":68,"column":38},"end":{"line":68,"column":51}},"line":68}},"branchMap":{"0":{"loc":{"start":{"line":46,"column":4},"end":{"line":46,"column":30}},"type":"if","locations":[{"start":{"line":46,"column":4},"end":{"line":46,"column":30}},{"start":{},"end":{}}],"line":46},"1":{"loc":{"start":{"line":51,"column":24},"end":{"line":51,"column":67}},"type":"cond-expr","locations":[{"start":{"line":51,"column":38},"end":{"line":51,"column":50}},{"start":{"line":51,"column":53},"end":{"line":51,"column":67}}],"line":51},"2":{"loc":{"start":{"line":53,"column":4},"end":{"line":55,"column":5}},"type":"if","locations":[{"start":{"line":53,"column":4},"end":{"line":55,"column":5}},{"start":{},"end":{}}],"line":53},"3":{"loc":{"start":{"line":53,"column":8},"end":{"line":53,"column":61}},"type":"binary-expr","locations":[{"start":{"line":53,"column":8},"end":{"line":53,"column":46}},{"start":{"line":53,"column":50},"end":{"line":53,"column":61}}],"line":53},"4":{"loc":{"start":{"line":61,"column":4},"end":{"line":65,"column":5}},"type":"if","locations":[{"start":{"line":61,"column":4},"end":{"line":65,"column":5}},{"start":{"line":63,"column":11},"end":{"line":65,"column":5}}],"line":61},"5":{"loc":{"start":{"line":61,"column":8},"end":{"line":61,"column":44}},"type":"binary-expr","locations":[{"start":{"line":61,"column":8},"end":{"line":61,"column":19}},{"start":{"line":61,"column":23},"end":{"line":61,"column":44}}],"line":61},"6":{"loc":{"start":{"line":63,"column":11},"end":{"line":65,"column":5}},"type":"if","locations":[{"start":{"line":63,"column":11},"end":{"line":65,"column":5}},{"start":{},"end":{}}],"line":63}},"s":{"0":0,"1":0,"2":0,"3":0,"4":0,"5":0,"6":0,"7":0,"8":0,"9":0,"10":0,"11":0,"12":0,"13":0,"14":0,"15":0,"16":0,"17":0,"18":0,"19":0,"20":0,"21":0,"22":0,"23":0,"24":0,"25":0,"26":0,"27":0,"28":0,"29":0,"30":0,"31":0,"32":0,"33":0,"34":0,"35":0,"36":0,"37":0,"38":0},"f":{"0":0,"1":0,"2":0,"3":0,"4":0,"5":0,"6":0,"7":0,"8":0},"b":{"0":[0,0],"1":[0,0],"2":[0,0],"3":[0,0],"4":[0,0],"5":[0,0],"6":[0,0]},"_coverageSchema":"1a1c01bbd47fc00a2c39e90264f33305004495a9","hash":"510fedc847bf2d18d8a3a0b04736d9708bc9ab99"}
,"/home/hasib/my-app/rack3d-npm/rack3d-visualizer-1.0.0/package/src/services/SelectionManager.js": {"path":"/home/hasib/my-app/rack3d-npm/rack3d-visualizer-1.0.0/package/src/services/SelectionManager.js","statementMap":{"0":{"start":{"line":5,"column":4},"end":{"line":5,"column":23}},"1":{"start":{"line":6,"column":4},"end":{"line":6,"column":25}},"2":{"start":{"line":7,"column":4},"end":{"line":7,"column":23}},"3":{"start":{"line":8,"column":4},"end":{"line":8,"column":43}},"4":{"start":{"line":9,"column":4},"end":{"line":9,"column":37}},"5":{"start":{"line":10,"column":4},"end":{"line":10,"column":33}},"6":{"start":{"line":11,"column":4},"end":{"line":11,"column":31}},"7":{"start":{"line":12,"column":4},"end":{"line":12,"column":24}},"8":{"start":{"line":16,"column":4},"end":{"line":16,"column":34}},"9":{"start":{"line":20,"column":16},"end":{"line":20,"column":48}},"10":{"start":{"line":21,"column":4},"end":{"line":21,"column":48}},"11":{"start":{"line":21,"column":18},"end":{"line":21,"column":48}},"12":{"start":{"line":25,"column":4},"end":{"line":25,"column":46}},"13":{"start":{"line":25,"column":34},"end":{"line":25,"column":44}},"14":{"start":{"line":29,"column":4},"end":{"line":29,"column":51}},"15":{"start":{"line":30,"column":4},"end":{"line":30,"column":53}},"16":{"start":{"line":32,"column":4},"end":{"line":32,"column":58}},"17":{"start":{"line":33,"column":23},"end":{"line":33,"column":81}},"18":{"start":{"line":35,"column":4},"end":{"line":52,"column":5}},"19":{"start":{"line":36,"column":18},"end":{"line":36,"column":37}},"20":{"start":{"line":37,"column":6},"end":{"line":44,"column":7}},"21":{"start":{"line":38,"column":8},"end":{"line":43,"column":10}},"22":{"start":{"line":45,"column":6},"end":{"line":51,"column":7}},"23":{"start":{"line":46,"column":8},"end":{"line":50,"column":10}},"24":{"start":{"line":53,"column":4},"end":{"line":53,"column":16}},"25":{"start":{"line":57,"column":4},"end":{"line":57,"column":37}},"26":{"start":{"line":58,"column":4},"end":{"line":58,"column":33}},"27":{"start":{"line":59,"column":4},"end":{"line":63,"column":7}},"28":{"start":{"line":67,"column":4},"end":{"line":67,"column":33}},"29":{"start":{"line":68,"column":4},"end":{"line":71,"column":7}},"30":{"start":{"line":75,"column":4},"end":{"line":75,"column":33}},"31":{"start":{"line":76,"column":4},"end":{"line":76,"column":31}},"32":{"start":{"line":77,"column":4},"end":{"line":79,"column":7}},"33":{"start":{"line":83,"column":4},"end":{"line":83,"column":33}},"34":{"start":{"line":87,"column":4},"end":{"line":87,"column":31}}},"fnMap":{"0":{"name":"(anonymous_0)","decl":{"start":{"line":4,"column":2},"end":{"line":4,"column":3}},"loc":{"start":{"line":4,"column":36},"end":{"line":13,"column":3}},"line":4},"1":{"name":"(anonymous_1)","decl":{"start":{"line":15,"column":2},"end":{"line":15,"column":3}},"loc":{"start":{"line":15,"column":22},"end":{"line":17,"column":3}},"line":15},"2":{"name":"(anonymous_2)","decl":{"start":{"line":19,"column":2},"end":{"line":19,"column":3}},"loc":{"start":{"line":19,"column":24},"end":{"line":22,"column":3}},"line":19},"3":{"name":"(anonymous_3)","decl":{"start":{"line":24,"column":2},"end":{"line":24,"column":3}},"loc":{"start":{"line":24,"column":16},"end":{"line":26,"column":3}},"line":24},"4":{"name":"(anonymous_4)","decl":{"start":{"line":25,"column":27},"end":{"line":25,"column":28}},"loc":{"start":{"line":25,"column":34},"end":{"line":25,"column":44}},"line":25},"5":{"name":"(anonymous_5)","decl":{"start":{"line":28,"column":2},"end":{"line":28,"column":3}},"loc":{"start":{"line":28,"column":55},"end":{"line":54,"column":3}},"line":28},"6":{"name":"(anonymous_6)","decl":{"start":{"line":56,"column":2},"end":{"line":56,"column":3}},"loc":{"start":{"line":56,"column":33},"end":{"line":64,"column":3}},"line":56},"7":{"name":"(anonymous_7)","decl":{"start":{"line":66,"column":2},"end":{"line":66,"column":3}},"loc":{"start":{"line":66,"column":21},"end":{"line":72,"column":3}},"line":66},"8":{"name":"(anonymous_8)","decl":{"start":{"line":74,"column":2},"end":{"line":74,"column":3}},"loc":{"start":{"line":74,"column":19},"end":{"line":80,"column":3}},"line":74},"9":{"name":"(anonymous_9)","decl":{"start":{"line":82,"column":2},"end":{"line":82,"column":3}},"loc":{"start":{"line":82,"column":22},"end":{"line":84,"column":3}},"line":82},"10":{"name":"(anonymous_10)","decl":{"start":{"line":86,"column":2},"end":{"line":86,"column":3}},"loc":{"start":{"line":86,"column":20},"end":{"line":88,"column":3}},"line":86}},"branchMap":{"0":{"loc":{"start":{"line":21,"column":4},"end":{"line":21,"column":48}},"type":"if","locations":[{"start":{"line":21,"column":4},"end":{"line":21,"column":48}},{"start":{},"end":{}}],"line":21},"1":{"loc":{"start":{"line":37,"column":6},"end":{"line":44,"column":7}},"type":"if","locations":[{"start":{"line":37,"column":6},"end":{"line":44,"column":7}},{"start":{},"end":{}}],"line":37},"2":{"loc":{"start":{"line":45,"column":6},"end":{"line":51,"column":7}},"type":"if","locations":[{"start":{"line":45,"column":6},"end":{"line":51,"column":7}},{"start":{},"end":{}}],"line":45},"3":{"loc":{"start":{"line":45,"column":10},"end":{"line":45,"column":64}},"type":"binary-expr","locations":[{"start":{"line":45,"column":10},"end":{"line":45,"column":29}},{"start":{"line":45,"column":33},"end":{"line":45,"column":64}}],"line":45}},"s":{"0":0,"1":0,"2":0,"3":0,"4":0,"5":0,"6":0,"7":0,"8":0,"9":0,"10":0,"11":0,"12":0,"13":0,"14":0,"15":0,"16":0,"17":0,"18":0,"19":0,"20":0,"21":0,"22":0,"23":0,"24":0,"25":0,"26":0,"27":0,"28":0,"29":0,"30":0,"31":0,"32":0,"33":0,"34":0},"f":{"0":0,"1":0,"2":0,"3":0,"4":0,"5":0,"6":0,"7":0,"8":0,"9":0,"10":0},"b":{"0":[0,0],"1":[0,0],"2":[0,0],"3":[0,0]},"_coverageSchema":"1a1c01bbd47fc00a2c39e90264f33305004495a9","hash":"7e77692d7b0cbccd049f49356eb4fc21dd6cc2d6"}
,"/home/hasib/my-app/rack3d-npm/rack3d-visualizer-1.0.0/package/src/services/TextureManager.js": {"path":"/home/hasib/my-app/rack3d-npm/rack3d-visualizer-1.0.0/package/src/services/TextureManager.js","statementMap":{"0":{"start":{"line":5,"column":4},"end":{"line":5,"column":23}},"1":{"start":{"line":6,"column":4},"end":{"line":6,"column":44}},"2":{"start":{"line":7,"column":4},"end":{"line":7,"column":27}},"3":{"start":{"line":8,"column":4},"end":{"line":8,"column":34}},"4":{"start":{"line":12,"column":4},"end":{"line":14,"column":5}},"5":{"start":{"line":13,"column":6},"end":{"line":13,"column":33}},"6":{"start":{"line":16,"column":4},"end":{"line":18,"column":5}},"7":{"start":{"line":17,"column":6},"end":{"line":17,"column":40}},"8":{"start":{"line":20,"column":24},"end":{"line":37,"column":6}},"9":{"start":{"line":21,"column":6},"end":{"line":36,"column":8}},"10":{"start":{"line":24,"column":10},"end":{"line":24,"column":34}},"11":{"start":{"line":25,"column":10},"end":{"line":25,"column":99}},"12":{"start":{"line":26,"column":10},"end":{"line":26,"column":39}},"13":{"start":{"line":27,"column":10},"end":{"line":27,"column":40}},"14":{"start":{"line":28,"column":10},"end":{"line":28,"column":27}},"15":{"start":{"line":32,"column":10},"end":{"line":32,"column":69}},"16":{"start":{"line":33,"column":10},"end":{"line":33,"column":40}},"17":{"start":{"line":34,"column":10},"end":{"line":34,"column":22}},"18":{"start":{"line":39,"column":4},"end":{"line":39,"column":44}},"19":{"start":{"line":40,"column":4},"end":{"line":40,"column":23}},"20":{"start":{"line":44,"column":4},"end":{"line":44,"column":31}},"21":{"start":{"line":48,"column":4},"end":{"line":48,"column":53}},"22":{"start":{"line":48,"column":34},"end":{"line":48,"column":51}},"23":{"start":{"line":49,"column":4},"end":{"line":49,"column":23}},"24":{"start":{"line":50,"column":4},"end":{"line":50,"column":30}}},"fnMap":{"0":{"name":"(anonymous_0)","decl":{"start":{"line":4,"column":2},"end":{"line":4,"column":3}},"loc":{"start":{"line":4,"column":21},"end":{"line":9,"column":3}},"line":4},"1":{"name":"(anonymous_1)","decl":{"start":{"line":11,"column":2},"end":{"line":11,"column":3}},"loc":{"start":{"line":11,"column":18},"end":{"line":41,"column":3}},"line":11},"2":{"name":"(anonymous_2)","decl":{"start":{"line":20,"column":36},"end":{"line":20,"column":37}},"loc":{"start":{"line":20,"column":57},"end":{"line":37,"column":5}},"line":20},"3":{"name":"(anonymous_3)","decl":{"start":{"line":23,"column":8},"end":{"line":23,"column":9}},"loc":{"start":{"line":23,"column":21},"end":{"line":29,"column":9}},"line":23},"4":{"name":"(anonymous_4)","decl":{"start":{"line":31,"column":8},"end":{"line":31,"column":9}},"loc":{"start":{"line":31,"column":17},"end":{"line":35,"column":9}},"line":31},"5":{"name":"(anonymous_5)","decl":{"start":{"line":43,"column":2},"end":{"line":43,"column":3}},"loc":{"start":{"line":43,"column":11},"end":{"line":45,"column":3}},"line":43},"6":{"name":"(anonymous_6)","decl":{"start":{"line":47,"column":2},"end":{"line":47,"column":3}},"loc":{"start":{"line":47,"column":12},"end":{"line":51,"column":3}},"line":47},"7":{"name":"(anonymous_7)","decl":{"start":{"line":48,"column":23},"end":{"line":48,"column":24}},"loc":{"start":{"line":48,"column":34},"end":{"line":48,"column":51}},"line":48}},"branchMap":{"0":{"loc":{"start":{"line":12,"column":4},"end":{"line":14,"column":5}},"type":"if","locations":[{"start":{"line":12,"column":4},"end":{"line":14,"column":5}},{"start":{},"end":{}}],"line":12},"1":{"loc":{"start":{"line":16,"column":4},"end":{"line":18,"column":5}},"type":"if","locations":[{"start":{"line":16,"column":4},"end":{"line":18,"column":5}},{"start":{},"end":{}}],"line":16},"2":{"loc":{"start":{"line":25,"column":43},"end":{"line":25,"column":97}},"type":"binary-expr","locations":[{"start":{"line":25,"column":43},"end":{"line":25,"column":92}},{"start":{"line":25,"column":96},"end":{"line":25,"column":97}}],"line":25}},"s":{"0":0,"1":0,"2":0,"3":0,"4":0,"5":0,"6":0,"7":0,"8":0,"9":0,"10":0,"11":0,"12":0,"13":0,"14":0,"15":0,"16":0,"17":0,"18":0,"19":0,"20":0,"21":0,"22":0,"23":0,"24":0},"f":{"0":0,"1":0,"2":0,"3":0,"4":0,"5":0,"6":0,"7":0},"b":{"0":[0,0],"1":[0,0],"2":[0,0]}}
}
